[ 2015-08-25T23:39:12+08:00 ] 127.0.0.1 /index.php/Home/Index/test
INFO: [ app_init ] --START--
INFO: Run Behavior\BuildLiteBehavior [ RunTime:0.000010s ]
INFO: [ app_init ] --END-- [ RunTime:0.000202s ]
INFO: [ app_begin ] --START--
INFO: Run Behavior\ReadHtmlCacheBehavior [ RunTime:0.000359s ]
INFO: [ app_begin ] --END-- [ RunTime:0.000403s ]
ERR: SQLSTATE[42S02]: Base table or view not found: 1146 Table 'test_table.test' doesn't exist

[ 2015-08-25T23:39:32+08:00 ] 127.0.0.1 /index.php/Home/Index/test
INFO: [ app_init ] --START--
INFO: Run Behavior\BuildLiteBehavior [ RunTime:0.000009s ]
INFO: [ app_init ] --END-- [ RunTime:0.000191s ]
INFO: [ app_begin ] --START--
INFO: Run Behavior\ReadHtmlCacheBehavior [ RunTime:0.000248s ]
INFO: [ app_begin ] --END-- [ RunTime:0.000278s ]
ERR: SQLSTATE[42S02]: Base table or view not found: 1146 Table 'test_table.test' doesn't exist

[ 2015-08-25T23:39:34+08:00 ] 127.0.0.1 /index.php/Home/Index/test
INFO: [ app_init ] --START--
INFO: Run Behavior\BuildLiteBehavior [ RunTime:0.000009s ]
INFO: [ app_init ] --END-- [ RunTime:0.000190s ]
INFO: [ app_begin ] --START--
INFO: Run Behavior\ReadHtmlCacheBehavior [ RunTime:0.000243s ]
INFO: [ app_begin ] --END-- [ RunTime:0.000271s ]
ERR: SQLSTATE[42S02]: Base table or view not found: 1146 Table 'test_table.test' doesn't exist

[ 2015-08-25T23:39:54+08:00 ] 127.0.0.1 /index.php/Home/Index/test
INFO: [ app_init ] --START--
INFO: Run Behavior\BuildLiteBehavior [ RunTime:0.000010s ]
INFO: [ app_init ] --END-- [ RunTime:0.000196s ]
INFO: [ app_begin ] --START--
INFO: Run Behavior\ReadHtmlCacheBehavior [ RunTime:0.000250s ]
INFO: [ app_begin ] --END-- [ RunTime:0.000281s ]
ERR: SQLSTATE[42S02]: Base table or view not found: 1146 Table 'test_table.test' doesn't exist

[ 2015-08-25T23:40:09+08:00 ] 127.0.0.1 /index.php/Home/Index/test
INFO: [ app_init ] --START--
INFO: Run Behavior\BuildLiteBehavior [ RunTime:0.000010s ]
INFO: [ app_init ] --END-- [ RunTime:0.000192s ]
INFO: [ app_begin ] --START--
INFO: Run Behavior\ReadHtmlCacheBehavior [ RunTime:0.000260s ]
INFO: [ app_begin ] --END-- [ RunTime:0.000291s ]
INFO: [ app_end ] --START--
INFO: Run Behavior\ShowPageTraceBehavior [ RunTime:0.000264s ]
INFO: [ app_end ] --END-- [ RunTime:0.000292s ]
NOTIC: [8] Constant RUNTIME_PATH already defined /Applications/XAMPP/xamppfiles/htdocs/yii/index.php 第 30 行.

[ 2015-08-25T23:40:31+08:00 ] 127.0.0.1 /index.php/Home/Index/test
INFO: [ app_init ] --START--
INFO: Run Behavior\BuildLiteBehavior [ RunTime:0.000015s ]
INFO: [ app_init ] --END-- [ RunTime:0.000202s ]
INFO: [ app_begin ] --START--
INFO: Run Behavior\ReadHtmlCacheBehavior [ RunTime:0.000253s ]
INFO: [ app_begin ] --END-- [ RunTime:0.000285s ]
ERR: SQLSTATE[42S02]: Base table or view not found: 1146 Table 'test_table.test' doesn't exist

[ 2015-08-25T23:43:13+08:00 ] 127.0.0.1 /index.php/Home/Index/test
INFO: [ app_init ] --START--
INFO: Run Behavior\BuildLiteBehavior [ RunTime:0.000011s ]
INFO: [ app_init ] --END-- [ RunTime:0.000299s ]
INFO: [ app_begin ] --START--
INFO: Run Behavior\ReadHtmlCacheBehavior [ RunTime:0.000288s ]
INFO: [ app_begin ] --END-- [ RunTime:0.000321s ]
ERR: SQLSTATE[42S02]: Base table or view not found: 1146 Table 'test_table.hometest' doesn't exist

[ 2015-08-25T23:43:15+08:00 ] 127.0.0.1 /index.php/Home/Index/test
INFO: [ app_init ] --START--
INFO: Run Behavior\BuildLiteBehavior [ RunTime:0.000019s ]
INFO: [ app_init ] --END-- [ RunTime:0.000380s ]
INFO: [ app_begin ] --START--
INFO: Run Behavior\ReadHtmlCacheBehavior [ RunTime:0.000438s ]
INFO: [ app_begin ] --END-- [ RunTime:0.000512s ]
ERR: SQLSTATE[42S02]: Base table or view not found: 1146 Table 'test_table.hometest' doesn't exist

[ 2015-08-25T23:44:02+08:00 ] 127.0.0.1 /index.php/Home/Index/test
INFO: [ app_init ] --START--
INFO: Run Behavior\BuildLiteBehavior [ RunTime:0.000010s ]
INFO: [ app_init ] --END-- [ RunTime:0.000199s ]
INFO: [ app_begin ] --START--
INFO: Run Behavior\ReadHtmlCacheBehavior [ RunTime:0.000256s ]
INFO: [ app_begin ] --END-- [ RunTime:0.000288s ]
ERR: SQLSTATE[42S02]: Base table or view not found: 1146 Table 'test_table.hometest' doesn't exist

