[ 2016-01-25T22:23:22+08:00 ] 127.0.0.1 /index.php/Home/Index/index
INFO: [ app_init ] --START--
INFO: Run Behavior\BuildLiteBehavior [ RunTime:0.000025s ]
INFO: [ app_init ] --END-- [ RunTime:0.002177s ]
INFO: [ app_begin ] --START--
INFO: Run Behavior\ReadHtmlCacheBehavior [ RunTime:0.001173s ]
INFO: [ app_begin ] --END-- [ RunTime:0.001289s ]

[ 2016-01-25T23:35:19+08:00 ] 127.0.0.1 /index.php/Home/Index/qrcode
INFO: [ app_init ] --START--
INFO: Run Behavior\BuildLiteBehavior [ RunTime:0.000017s ]
INFO: [ app_init ] --END-- [ RunTime:0.000586s ]
INFO: [ app_begin ] --START--
INFO: Run Behavior\ReadHtmlCacheBehavior [ RunTime:0.000910s ]
INFO: [ app_begin ] --END-- [ RunTime:0.001002s ]
INFO: [ app_end ] --START--
INFO: Run Behavior\ShowPageTraceBehavior [ RunTime:0.004657s ]
INFO: [ app_end ] --END-- [ RunTime:0.004758s ]
NOTIC: [8] Constant RUNTIME_PATH already defined /Applications/XAMPP/xamppfiles/htdocs/yii/index.php 第 30 行.

[ 2016-01-25T23:35:23+08:00 ] 127.0.0.1 /index.php/Home/Index/qrcode
INFO: [ app_init ] --START--
INFO: Run Behavior\BuildLiteBehavior [ RunTime:0.000010s ]
INFO: [ app_init ] --END-- [ RunTime:0.000195s ]
INFO: [ app_begin ] --START--
INFO: Run Behavior\ReadHtmlCacheBehavior [ RunTime:0.000295s ]
INFO: [ app_begin ] --END-- [ RunTime:0.000327s ]
INFO: [ app_end ] --START--
INFO: Run Behavior\ShowPageTraceBehavior [ RunTime:0.001345s ]
INFO: [ app_end ] --END-- [ RunTime:0.001512s ]
NOTIC: [8] Constant RUNTIME_PATH already defined /Applications/XAMPP/xamppfiles/htdocs/yii/index.php 第 30 行.

[ 2016-01-25T23:35:25+08:00 ] 127.0.0.1 /index.php/Home/Index/qrcode
INFO: [ app_init ] --START--
INFO: Run Behavior\BuildLiteBehavior [ RunTime:0.000010s ]
INFO: [ app_init ] --END-- [ RunTime:0.000192s ]
INFO: [ app_begin ] --START--
INFO: Run Behavior\ReadHtmlCacheBehavior [ RunTime:0.000244s ]
INFO: [ app_begin ] --END-- [ RunTime:0.000272s ]
INFO: [ app_end ] --START--
INFO: Run Behavior\ShowPageTraceBehavior [ RunTime:0.000396s ]
INFO: [ app_end ] --END-- [ RunTime:0.000456s ]
NOTIC: [8] Constant RUNTIME_PATH already defined /Applications/XAMPP/xamppfiles/htdocs/yii/index.php 第 30 行.

[ 2016-01-25T23:38:51+08:00 ] 127.0.0.1 /index.php/Home/Index/qrcode
INFO: [ app_init ] --START--
INFO: Run Behavior\BuildLiteBehavior [ RunTime:0.000015s ]
INFO: [ app_init ] --END-- [ RunTime:0.000382s ]
INFO: [ app_begin ] --START--
INFO: Run Behavior\ReadHtmlCacheBehavior [ RunTime:0.000653s ]
INFO: [ app_begin ] --END-- [ RunTime:0.000744s ]
INFO: [ app_end ] --START--
INFO: Run Behavior\ShowPageTraceBehavior [ RunTime:0.000873s ]
INFO: [ app_end ] --END-- [ RunTime:0.000976s ]
NOTIC: [8] Constant RUNTIME_PATH already defined /Applications/XAMPP/xamppfiles/htdocs/yii/index.php 第 30 行.

[ 2016-01-25T23:38:53+08:00 ] 127.0.0.1 /index.php/Home/Index/qrcode
INFO: [ app_init ] --START--
INFO: Run Behavior\BuildLiteBehavior [ RunTime:0.000010s ]
INFO: [ app_init ] --END-- [ RunTime:0.000225s ]
INFO: [ app_begin ] --START--
INFO: Run Behavior\ReadHtmlCacheBehavior [ RunTime:0.000247s ]
INFO: [ app_begin ] --END-- [ RunTime:0.000274s ]
INFO: [ app_end ] --START--
INFO: Run Behavior\ShowPageTraceBehavior [ RunTime:0.000473s ]
INFO: [ app_end ] --END-- [ RunTime:0.000535s ]
NOTIC: [8] Constant RUNTIME_PATH already defined /Applications/XAMPP/xamppfiles/htdocs/yii/index.php 第 30 行.

[ 2016-01-25T23:41:20+08:00 ] 127.0.0.1 /index.php/Home/Index/qrcode
INFO: [ app_init ] --START--
INFO: Run Behavior\BuildLiteBehavior [ RunTime:0.000015s ]
INFO: [ app_init ] --END-- [ RunTime:0.000317s ]
INFO: [ app_begin ] --START--
INFO: Run Behavior\ReadHtmlCacheBehavior [ RunTime:0.000516s ]
INFO: [ app_begin ] --END-- [ RunTime:0.000586s ]
INFO: [ app_end ] --START--
INFO: Run Behavior\ShowPageTraceBehavior [ RunTime:0.001251s ]
INFO: [ app_end ] --END-- [ RunTime:0.001430s ]
NOTIC: [8] Constant RUNTIME_PATH already defined /Applications/XAMPP/xamppfiles/htdocs/yii/index.php 第 30 行.

[ 2016-01-25T23:41:23+08:00 ] 127.0.0.1 /index.php/Home/Index/qrcode
INFO: [ app_init ] --START--
INFO: Run Behavior\BuildLiteBehavior [ RunTime:0.000010s ]
INFO: [ app_init ] --END-- [ RunTime:0.000228s ]
INFO: [ app_begin ] --START--
INFO: Run Behavior\ReadHtmlCacheBehavior [ RunTime:0.000427s ]
INFO: [ app_begin ] --END-- [ RunTime:0.000485s ]
INFO: [ app_end ] --START--
INFO: Run Behavior\ShowPageTraceBehavior [ RunTime:0.000612s ]
INFO: [ app_end ] --END-- [ RunTime:0.000716s ]
NOTIC: [8] Constant RUNTIME_PATH already defined /Applications/XAMPP/xamppfiles/htdocs/yii/index.php 第 30 行.

[ 2016-01-25T23:41:24+08:00 ] 127.0.0.1 /index.php/Home/Index/qrcode
INFO: [ app_init ] --START--
INFO: Run Behavior\BuildLiteBehavior [ RunTime:0.000011s ]
INFO: [ app_init ] --END-- [ RunTime:0.000215s ]
INFO: [ app_begin ] --START--
INFO: Run Behavior\ReadHtmlCacheBehavior [ RunTime:0.000256s ]
INFO: [ app_begin ] --END-- [ RunTime:0.000284s ]
INFO: [ app_end ] --START--
INFO: Run Behavior\ShowPageTraceBehavior [ RunTime:0.000625s ]
INFO: [ app_end ] --END-- [ RunTime:0.000725s ]
NOTIC: [8] Constant RUNTIME_PATH already defined /Applications/XAMPP/xamppfiles/htdocs/yii/index.php 第 30 行.

[ 2016-01-25T23:41:27+08:00 ] 127.0.0.1 /index.php/Home/Index/qrcode
INFO: [ app_init ] --START--
INFO: Run Behavior\BuildLiteBehavior [ RunTime:0.000009s ]
INFO: [ app_init ] --END-- [ RunTime:0.000205s ]
INFO: [ app_begin ] --START--
INFO: Run Behavior\ReadHtmlCacheBehavior [ RunTime:0.000257s ]
INFO: [ app_begin ] --END-- [ RunTime:0.000285s ]
INFO: [ app_end ] --START--
INFO: Run Behavior\ShowPageTraceBehavior [ RunTime:0.000347s ]
INFO: [ app_end ] --END-- [ RunTime:0.000395s ]
NOTIC: [8] Constant RUNTIME_PATH already defined /Applications/XAMPP/xamppfiles/htdocs/yii/index.php 第 30 行.

[ 2016-01-25T23:50:01+08:00 ] 127.0.0.1 /index.php/Home/Index/qrcode
INFO: [ app_init ] --START--
INFO: Run Behavior\BuildLiteBehavior [ RunTime:0.000016s ]
INFO: [ app_init ] --END-- [ RunTime:0.000601s ]
INFO: [ app_begin ] --START--
INFO: Run Behavior\ReadHtmlCacheBehavior [ RunTime:0.000725s ]
INFO: [ app_begin ] --END-- [ RunTime:0.000802s ]
NOTIC: [2] imagepng(http://wcdn1.cgyouxi.com/avatar/default_small.png): failed to open stream: HTTP wrapper does not support writeable connections /Applications/XAMPP/xamppfiles/htdocs/yii/ThinkPHP/Library/Vendor/phpqrcode/phpqrcode.php 第 954 行.
INFO: [ app_end ] --START--
INFO: Run Behavior\ShowPageTraceBehavior [ RunTime:0.000698s ]
INFO: [ app_end ] --END-- [ RunTime:0.000737s ]
NOTIC: [8] Constant RUNTIME_PATH already defined /Applications/XAMPP/xamppfiles/htdocs/yii/index.php 第 30 行.

[ 2016-01-25T23:50:03+08:00 ] 127.0.0.1 /index.php/Home/Index/qrcode
INFO: [ app_init ] --START--
INFO: Run Behavior\BuildLiteBehavior [ RunTime:0.000010s ]
INFO: [ app_init ] --END-- [ RunTime:0.000200s ]
INFO: [ app_begin ] --START--
INFO: Run Behavior\ReadHtmlCacheBehavior [ RunTime:0.000247s ]
INFO: [ app_begin ] --END-- [ RunTime:0.000276s ]
NOTIC: [2] imagepng(http://wcdn1.cgyouxi.com/avatar/default_small.png): failed to open stream: HTTP wrapper does not support writeable connections /Applications/XAMPP/xamppfiles/htdocs/yii/ThinkPHP/Library/Vendor/phpqrcode/phpqrcode.php 第 954 行.
INFO: [ app_end ] --START--
INFO: Run Behavior\ShowPageTraceBehavior [ RunTime:0.000967s ]
INFO: [ app_end ] --END-- [ RunTime:0.001101s ]
NOTIC: [8] Constant RUNTIME_PATH already defined /Applications/XAMPP/xamppfiles/htdocs/yii/index.php 第 30 行.

[ 2016-01-25T23:50:08+08:00 ] 127.0.0.1 /index.php/Home/Index/qrcode
INFO: [ app_init ] --START--
INFO: Run Behavior\BuildLiteBehavior [ RunTime:0.000010s ]
INFO: [ app_init ] --END-- [ RunTime:0.000190s ]
INFO: [ app_begin ] --START--
INFO: Run Behavior\ReadHtmlCacheBehavior [ RunTime:0.000243s ]
INFO: [ app_begin ] --END-- [ RunTime:0.000272s ]
NOTIC: [2] imagepng(http://wcdn1.cgyouxi.com/avatar/default_small.png): failed to open stream: HTTP wrapper does not support writeable connections /Applications/XAMPP/xamppfiles/htdocs/yii/ThinkPHP/Library/Vendor/phpqrcode/phpqrcode.php 第 954 行.
INFO: [ app_end ] --START--
INFO: Run Behavior\ShowPageTraceBehavior [ RunTime:0.000557s ]
INFO: [ app_end ] --END-- [ RunTime:0.000627s ]
NOTIC: [8] Constant RUNTIME_PATH already defined /Applications/XAMPP/xamppfiles/htdocs/yii/index.php 第 30 行.

[ 2016-01-25T23:50:10+08:00 ] 127.0.0.1 /index.php/Home/Index/qrcode
INFO: [ app_init ] --START--
INFO: Run Behavior\BuildLiteBehavior [ RunTime:0.000014s ]
INFO: [ app_init ] --END-- [ RunTime:0.000314s ]
INFO: [ app_begin ] --START--
INFO: Run Behavior\ReadHtmlCacheBehavior [ RunTime:0.000555s ]
INFO: [ app_begin ] --END-- [ RunTime:0.000618s ]
NOTIC: [2] imagepng(http://wcdn1.cgyouxi.com/avatar/default_small.png): failed to open stream: HTTP wrapper does not support writeable connections /Applications/XAMPP/xamppfiles/htdocs/yii/ThinkPHP/Library/Vendor/phpqrcode/phpqrcode.php 第 954 行.
INFO: [ app_end ] --START--
INFO: Run Behavior\ShowPageTraceBehavior [ RunTime:0.000338s ]
INFO: [ app_end ] --END-- [ RunTime:0.000370s ]
NOTIC: [8] Constant RUNTIME_PATH already defined /Applications/XAMPP/xamppfiles/htdocs/yii/index.php 第 30 行.

[ 2016-01-25T23:52:39+08:00 ] 127.0.0.1 /index.php/Home/Index/qrcode
INFO: [ app_init ] --START--
INFO: Run Behavior\BuildLiteBehavior [ RunTime:0.000015s ]
INFO: [ app_init ] --END-- [ RunTime:0.000505s ]
INFO: [ app_begin ] --START--
INFO: Run Behavior\ReadHtmlCacheBehavior [ RunTime:0.000645s ]
INFO: [ app_begin ] --END-- [ RunTime:0.000740s ]
INFO: [ app_end ] --START--
INFO: Run Behavior\ShowPageTraceBehavior [ RunTime:0.000561s ]
INFO: [ app_end ] --END-- [ RunTime:0.000636s ]
NOTIC: [8] Constant RUNTIME_PATH already defined /Applications/XAMPP/xamppfiles/htdocs/yii/index.php 第 30 行.

[ 2016-01-25T23:52:41+08:00 ] 127.0.0.1 /index.php/Home/Index/qrcode
INFO: [ app_init ] --START--
INFO: Run Behavior\BuildLiteBehavior [ RunTime:0.000009s ]
INFO: [ app_init ] --END-- [ RunTime:0.000197s ]
INFO: [ app_begin ] --START--
INFO: Run Behavior\ReadHtmlCacheBehavior [ RunTime:0.000242s ]
INFO: [ app_begin ] --END-- [ RunTime:0.000269s ]
INFO: [ app_end ] --START--
INFO: Run Behavior\ShowPageTraceBehavior [ RunTime:0.000646s ]
INFO: [ app_end ] --END-- [ RunTime:0.000800s ]
NOTIC: [8] Constant RUNTIME_PATH already defined /Applications/XAMPP/xamppfiles/htdocs/yii/index.php 第 30 行.

[ 2016-01-25T23:52:57+08:00 ] 127.0.0.1 /index.php/Home/Index/qrcode
INFO: [ app_init ] --START--
INFO: Run Behavior\BuildLiteBehavior [ RunTime:0.000017s ]
INFO: [ app_init ] --END-- [ RunTime:0.000435s ]
INFO: [ app_begin ] --START--
INFO: Run Behavior\ReadHtmlCacheBehavior [ RunTime:0.000397s ]
INFO: [ app_begin ] --END-- [ RunTime:0.000447s ]
INFO: [ app_end ] --START--
INFO: Run Behavior\ShowPageTraceBehavior [ RunTime:0.000498s ]
INFO: [ app_end ] --END-- [ RunTime:0.000572s ]
NOTIC: [8] Constant RUNTIME_PATH already defined /Applications/XAMPP/xamppfiles/htdocs/yii/index.php 第 30 行.

[ 2016-01-25T23:56:03+08:00 ] 127.0.0.1 /index.php/Home/Index/qrcode
INFO: [ app_init ] --START--
INFO: Run Behavior\BuildLiteBehavior [ RunTime:0.000020s ]
INFO: [ app_init ] --END-- [ RunTime:0.000941s ]
INFO: [ app_begin ] --START--
INFO: Run Behavior\ReadHtmlCacheBehavior [ RunTime:0.001603s ]
INFO: [ app_begin ] --END-- [ RunTime:0.001761s ]
INFO: [ app_end ] --START--
INFO: Run Behavior\ShowPageTraceBehavior [ RunTime:0.003220s ]
INFO: [ app_end ] --END-- [ RunTime:0.003675s ]
NOTIC: [8] Constant RUNTIME_PATH already defined /Applications/XAMPP/xamppfiles/htdocs/yii/index.php 第 30 行.

