[ 2016-01-30T00:00:04+08:00 ] 127.0.0.1 /index.php/Home/Index/qrcode1?text=http://wxshop.youngwang.net&size=4&level=L&padding=2&logo=http://www.xcsoft.cn/Public//images/success.png
INFO: [ app_init ] --START--
INFO: Run Behavior\BuildLiteBehavior [ RunTime:0.000009s ]
INFO: [ app_init ] --END-- [ RunTime:0.000194s ]
INFO: [ app_begin ] --START--
INFO: Run Behavior\ReadHtmlCacheBehavior [ RunTime:0.000245s ]
INFO: [ app_begin ] --END-- [ RunTime:0.000274s ]
NOTIC: [8] Undefined variable: GET /Applications/XAMPP/xamppfiles/htdocs/yii/Application/Home/Controller/IndexController.class.php 第 29 行.
NOTIC: [2] imagepng(./Uploads/qrcode/qrcode.png): failed to open stream: No such file or directory /Applications/XAMPP/xamppfiles/htdocs/yii/ThinkPHP/Library/Vendor/phpqrcode/phpqrcode.php 第 954 行.
NOTIC: [2] file_get_contents(./Uploads/qrcode/qrcode.png): failed to open stream: No such file or directory /Applications/XAMPP/xamppfiles/htdocs/yii/Application/Home/Controller/IndexController.class.php 第 36 行.
NOTIC: [2] imagecreatefromstring(): Empty string or invalid image /Applications/XAMPP/xamppfiles/htdocs/yii/Application/Home/Controller/IndexController.class.php 第 36 行.
NOTIC: [2] imagesx() expects parameter 1 to be resource, boolean given /Applications/XAMPP/xamppfiles/htdocs/yii/Application/Home/Controller/IndexController.class.php 第 38 行.
NOTIC: [2] imagesy() expects parameter 1 to be resource, boolean given /Applications/XAMPP/xamppfiles/htdocs/yii/Application/Home/Controller/IndexController.class.php 第 39 行.
NOTIC: [2] Division by zero /Applications/XAMPP/xamppfiles/htdocs/yii/Application/Home/Controller/IndexController.class.php 第 43 行.
NOTIC: [2] Division by zero /Applications/XAMPP/xamppfiles/htdocs/yii/Application/Home/Controller/IndexController.class.php 第 44 行.
NOTIC: [2] imagecopyresampled() expects parameter 1 to be resource, boolean given /Applications/XAMPP/xamppfiles/htdocs/yii/Application/Home/Controller/IndexController.class.php 第 46 行.
NOTIC: [2] imagepng() expects parameter 1 to be resource, boolean given /Applications/XAMPP/xamppfiles/htdocs/yii/Application/Home/Controller/IndexController.class.php 第 49 行.
INFO: [ app_end ] --START--
INFO: Run Behavior\ShowPageTraceBehavior [ RunTime:0.000403s ]
INFO: [ app_end ] --END-- [ RunTime:0.000451s ]
NOTIC: [8] Constant RUNTIME_PATH already defined /Applications/XAMPP/xamppfiles/htdocs/yii/index.php 第 30 行.

[ 2016-01-30T00:00:37+08:00 ] 127.0.0.1 /index.php/Home/Index/qrcode1?text=http://wxshop.youngwang.net&size=4&level=L&padding=2&logo=http://www.xcsoft.cn/Public//images/success.png
INFO: [ app_init ] --START--
INFO: Run Behavior\BuildLiteBehavior [ RunTime:0.000009s ]
INFO: [ app_init ] --END-- [ RunTime:0.000189s ]
INFO: [ app_begin ] --START--
INFO: Run Behavior\ReadHtmlCacheBehavior [ RunTime:0.000243s ]
INFO: [ app_begin ] --END-- [ RunTime:0.000273s ]
NOTIC: [8] Undefined variable: GET /Applications/XAMPP/xamppfiles/htdocs/yii/Application/Home/Controller/IndexController.class.php 第 29 行.

[ 2016-01-30T00:04:28+08:00 ] 127.0.0.1 /index.php/Home/Index/qrcode1?text=http://wxshop.youngwang.net&size=4&level=L&padding=2&logo=http://www.xcsoft.cn/Public//images/success.png
INFO: [ app_init ] --START--
INFO: Run Behavior\BuildLiteBehavior [ RunTime:0.000010s ]
INFO: [ app_init ] --END-- [ RunTime:0.000195s ]
INFO: [ app_begin ] --START--
INFO: Run Behavior\ReadHtmlCacheBehavior [ RunTime:0.000243s ]
INFO: [ app_begin ] --END-- [ RunTime:0.000273s ]
NOTIC: [8] Undefined variable: GET /Applications/XAMPP/xamppfiles/htdocs/yii/Application/Home/Controller/IndexController.class.php 第 29 行.
NOTIC: [2] imagepng(./Uploads/qrcode/qrcode.png): failed to open stream: No such file or directory /Applications/XAMPP/xamppfiles/htdocs/yii/ThinkPHP/Library/Vendor/phpqrcode/phpqrcode.php 第 954 行.
NOTIC: [2] file_get_contents(./Uploads/qrcode/qrcode.png): failed to open stream: No such file or directory /Applications/XAMPP/xamppfiles/htdocs/yii/Application/Home/Controller/IndexController.class.php 第 37 行.
NOTIC: [2] imagecreatefromstring(): Empty string or invalid image /Applications/XAMPP/xamppfiles/htdocs/yii/Application/Home/Controller/IndexController.class.php 第 37 行.
NOTIC: [2] imagesx() expects parameter 1 to be resource, boolean given /Applications/XAMPP/xamppfiles/htdocs/yii/Application/Home/Controller/IndexController.class.php 第 39 行.
NOTIC: [2] imagesy() expects parameter 1 to be resource, boolean given /Applications/XAMPP/xamppfiles/htdocs/yii/Application/Home/Controller/IndexController.class.php 第 40 行.
NOTIC: [2] Division by zero /Applications/XAMPP/xamppfiles/htdocs/yii/Application/Home/Controller/IndexController.class.php 第 44 行.
NOTIC: [2] Division by zero /Applications/XAMPP/xamppfiles/htdocs/yii/Application/Home/Controller/IndexController.class.php 第 45 行.
NOTIC: [2] imagecopyresampled() expects parameter 1 to be resource, boolean given /Applications/XAMPP/xamppfiles/htdocs/yii/Application/Home/Controller/IndexController.class.php 第 47 行.
NOTIC: [2] imagepng() expects parameter 1 to be resource, boolean given /Applications/XAMPP/xamppfiles/htdocs/yii/Application/Home/Controller/IndexController.class.php 第 50 行.
INFO: [ app_end ] --START--
INFO: Run Behavior\ShowPageTraceBehavior [ RunTime:0.004123s ]
INFO: [ app_end ] --END-- [ RunTime:0.004250s ]
NOTIC: [8] Constant RUNTIME_PATH already defined /Applications/XAMPP/xamppfiles/htdocs/yii/index.php 第 30 行.

[ 2016-01-30T00:04:53+08:00 ] 127.0.0.1 /index.php/Home/Index/qrcode
INFO: [ app_init ] --START--
INFO: Run Behavior\BuildLiteBehavior [ RunTime:0.000010s ]
INFO: [ app_init ] --END-- [ RunTime:0.000199s ]
INFO: [ app_begin ] --START--
INFO: Run Behavior\ReadHtmlCacheBehavior [ RunTime:0.000264s ]
INFO: [ app_begin ] --END-- [ RunTime:0.000291s ]
INFO: [ app_end ] --START--
INFO: Run Behavior\ShowPageTraceBehavior [ RunTime:0.002124s ]
INFO: [ app_end ] --END-- [ RunTime:0.002208s ]
NOTIC: [8] Constant RUNTIME_PATH already defined /Applications/XAMPP/xamppfiles/htdocs/yii/index.php 第 30 行.

[ 2016-01-30T00:41:39+08:00 ] 127.0.0.1 /index.php/Home/Index/qrcode1?text=http://wxshop.youngwang.net&size=4&level=L&padding=2&logo=http://www.xcsoft.cn/Public//images/success.png
INFO: [ app_init ] --START--
INFO: Run Behavior\BuildLiteBehavior [ RunTime:0.000012s ]
INFO: [ app_init ] --END-- [ RunTime:0.000464s ]
INFO: [ app_begin ] --START--
INFO: Run Behavior\ReadHtmlCacheBehavior [ RunTime:0.000558s ]
INFO: [ app_begin ] --END-- [ RunTime:0.000596s ]
NOTIC: [8] Undefined variable: GET /Applications/XAMPP/xamppfiles/htdocs/yii/Application/Home/Controller/IndexController.class.php 第 29 行.
NOTIC: [8] Use of undefined constant __IMAGE__ - assumed '__IMAGE__' /Applications/XAMPP/xamppfiles/htdocs/yii/Application/Home/Controller/IndexController.class.php 第 31 行.
INFO: [ app_end ] --START--
INFO: Run Behavior\ShowPageTraceBehavior [ RunTime:0.003029s ]
INFO: [ app_end ] --END-- [ RunTime:0.003183s ]
NOTIC: [8] Constant RUNTIME_PATH already defined /Applications/XAMPP/xamppfiles/htdocs/yii/index.php 第 30 行.

[ 2016-01-30T00:42:10+08:00 ] 127.0.0.1 /index.php/Home/Index/qrcode1?text=http://wxshop.youngwang.net&size=3&level=L&padding=2&logo=http://www.xcsoft.cn/Public//images/success.png
INFO: [ app_init ] --START--
INFO: Run Behavior\BuildLiteBehavior [ RunTime:0.000010s ]
INFO: [ app_init ] --END-- [ RunTime:0.000198s ]
INFO: [ app_begin ] --START--
INFO: Run Behavior\ReadHtmlCacheBehavior [ RunTime:0.000305s ]
INFO: [ app_begin ] --END-- [ RunTime:0.000338s ]
NOTIC: [8] Undefined variable: GET /Applications/XAMPP/xamppfiles/htdocs/yii/Application/Home/Controller/IndexController.class.php 第 29 行.
NOTIC: [8] Use of undefined constant __IMAGE__ - assumed '__IMAGE__' /Applications/XAMPP/xamppfiles/htdocs/yii/Application/Home/Controller/IndexController.class.php 第 31 行.
INFO: [ app_end ] --START--
INFO: Run Behavior\ShowPageTraceBehavior [ RunTime:0.003913s ]
INFO: [ app_end ] --END-- [ RunTime:0.004139s ]
NOTIC: [8] Constant RUNTIME_PATH already defined /Applications/XAMPP/xamppfiles/htdocs/yii/index.php 第 30 行.

[ 2016-01-30T00:42:18+08:00 ] 127.0.0.1 /index.php/Home/Index/qrcode1?text=http://wxshop.youngwang.net&size=5&level=L&padding=2&logo=http://www.xcsoft.cn/Public//images/success.png
INFO: [ app_init ] --START--
INFO: Run Behavior\BuildLiteBehavior [ RunTime:0.000010s ]
INFO: [ app_init ] --END-- [ RunTime:0.000209s ]
INFO: [ app_begin ] --START--
INFO: Run Behavior\ReadHtmlCacheBehavior [ RunTime:0.000255s ]
INFO: [ app_begin ] --END-- [ RunTime:0.000285s ]
NOTIC: [8] Undefined variable: GET /Applications/XAMPP/xamppfiles/htdocs/yii/Application/Home/Controller/IndexController.class.php 第 29 行.
NOTIC: [8] Use of undefined constant __IMAGE__ - assumed '__IMAGE__' /Applications/XAMPP/xamppfiles/htdocs/yii/Application/Home/Controller/IndexController.class.php 第 31 行.
INFO: [ app_end ] --START--
INFO: Run Behavior\ShowPageTraceBehavior [ RunTime:0.000576s ]
INFO: [ app_end ] --END-- [ RunTime:0.000686s ]
NOTIC: [8] Constant RUNTIME_PATH already defined /Applications/XAMPP/xamppfiles/htdocs/yii/index.php 第 30 行.

[ 2016-01-30T00:42:28+08:00 ] 127.0.0.1 /index.php/Home/Index/qrcode1?text=http://wxshop.youngwang.net&size=4&level=L&padding=2&logo=http://www.xcsoft.cn/Public//images/success.png
INFO: [ app_init ] --START--
INFO: Run Behavior\BuildLiteBehavior [ RunTime:0.000017s ]
INFO: [ app_init ] --END-- [ RunTime:0.000400s ]
INFO: [ app_begin ] --START--
INFO: Run Behavior\ReadHtmlCacheBehavior [ RunTime:0.000283s ]
INFO: [ app_begin ] --END-- [ RunTime:0.000313s ]
NOTIC: [8] Undefined variable: GET /Applications/XAMPP/xamppfiles/htdocs/yii/Application/Home/Controller/IndexController.class.php 第 29 行.
NOTIC: [8] Use of undefined constant __IMAGE__ - assumed '__IMAGE__' /Applications/XAMPP/xamppfiles/htdocs/yii/Application/Home/Controller/IndexController.class.php 第 31 行.
INFO: [ app_end ] --START--
INFO: Run Behavior\ShowPageTraceBehavior [ RunTime:0.000661s ]
INFO: [ app_end ] --END-- [ RunTime:0.000760s ]
NOTIC: [8] Constant RUNTIME_PATH already defined /Applications/XAMPP/xamppfiles/htdocs/yii/index.php 第 30 行.

[ 2016-01-30T00:42:38+08:00 ] 127.0.0.1 /index.php/Home/Index/qrcode1?text=http://wxshop.youngwang.net&size=4&level=L&padding=1&logo=http://www.xcsoft.cn/Public//images/success.png
INFO: [ app_init ] --START--
INFO: Run Behavior\BuildLiteBehavior [ RunTime:0.000010s ]
INFO: [ app_init ] --END-- [ RunTime:0.000205s ]
INFO: [ app_begin ] --START--
INFO: Run Behavior\ReadHtmlCacheBehavior [ RunTime:0.000268s ]
INFO: [ app_begin ] --END-- [ RunTime:0.000302s ]
NOTIC: [8] Undefined variable: GET /Applications/XAMPP/xamppfiles/htdocs/yii/Application/Home/Controller/IndexController.class.php 第 29 行.
NOTIC: [8] Use of undefined constant __IMAGE__ - assumed '__IMAGE__' /Applications/XAMPP/xamppfiles/htdocs/yii/Application/Home/Controller/IndexController.class.php 第 31 行.
INFO: [ app_end ] --START--
INFO: Run Behavior\ShowPageTraceBehavior [ RunTime:0.001393s ]
INFO: [ app_end ] --END-- [ RunTime:0.001646s ]
NOTIC: [8] Constant RUNTIME_PATH already defined /Applications/XAMPP/xamppfiles/htdocs/yii/index.php 第 30 行.

[ 2016-01-30T00:42:54+08:00 ] 127.0.0.1 /index.php/Home/Index/qrcode1?text=http://wxshop.youngwang.net&size=4&level=L&padding=1&logo=http://www.xcsoft.cn/Public//images/success.png
INFO: [ app_init ] --START--
INFO: Run Behavior\BuildLiteBehavior [ RunTime:0.000011s ]
INFO: [ app_init ] --END-- [ RunTime:0.000250s ]
INFO: [ app_begin ] --START--
INFO: Run Behavior\ReadHtmlCacheBehavior [ RunTime:0.000455s ]
INFO: [ app_begin ] --END-- [ RunTime:0.000518s ]
NOTIC: [8] Undefined variable: GET /Applications/XAMPP/xamppfiles/htdocs/yii/Application/Home/Controller/IndexController.class.php 第 29 行.
NOTIC: [8] Use of undefined constant __IMAGE__ - assumed '__IMAGE__' /Applications/XAMPP/xamppfiles/htdocs/yii/Application/Home/Controller/IndexController.class.php 第 31 行.
INFO: [ app_end ] --START--
INFO: Run Behavior\ShowPageTraceBehavior [ RunTime:0.000396s ]
INFO: [ app_end ] --END-- [ RunTime:0.000452s ]
NOTIC: [8] Constant RUNTIME_PATH already defined /Applications/XAMPP/xamppfiles/htdocs/yii/index.php 第 30 行.

[ 2016-01-30T00:42:57+08:00 ] 127.0.0.1 /index.php/Home/Index/qrcode1?text=http://wxshop.youngwang.net&size=4&level=L&padding=1&logo=http://www.xcsoft.cn/Public//images/success.png
INFO: [ app_init ] --START--
INFO: Run Behavior\BuildLiteBehavior [ RunTime:0.000090s ]
INFO: [ app_init ] --END-- [ RunTime:0.003740s ]
INFO: [ app_begin ] --START--
INFO: Run Behavior\ReadHtmlCacheBehavior [ RunTime:0.000618s ]
INFO: [ app_begin ] --END-- [ RunTime:0.000692s ]
NOTIC: [8] Undefined variable: GET /Applications/XAMPP/xamppfiles/htdocs/yii/Application/Home/Controller/IndexController.class.php 第 29 行.
NOTIC: [8] Use of undefined constant __IMAGE__ - assumed '__IMAGE__' /Applications/XAMPP/xamppfiles/htdocs/yii/Application/Home/Controller/IndexController.class.php 第 31 行.
INFO: [ app_end ] --START--
INFO: Run Behavior\ShowPageTraceBehavior [ RunTime:0.000601s ]
INFO: [ app_end ] --END-- [ RunTime:0.000718s ]
NOTIC: [8] Constant RUNTIME_PATH already defined /Applications/XAMPP/xamppfiles/htdocs/yii/index.php 第 30 行.

[ 2016-01-30T00:43:01+08:00 ] 127.0.0.1 /index.php/Home/Index/qrcode
INFO: [ app_init ] --START--
INFO: Run Behavior\BuildLiteBehavior [ RunTime:0.000010s ]
INFO: [ app_init ] --END-- [ RunTime:0.000198s ]
INFO: [ app_begin ] --START--
INFO: Run Behavior\ReadHtmlCacheBehavior [ RunTime:0.000260s ]
INFO: [ app_begin ] --END-- [ RunTime:0.000291s ]
INFO: [ app_end ] --START--
INFO: Run Behavior\ShowPageTraceBehavior [ RunTime:0.000431s ]
INFO: [ app_end ] --END-- [ RunTime:0.000484s ]
NOTIC: [8] Constant RUNTIME_PATH already defined /Applications/XAMPP/xamppfiles/htdocs/yii/index.php 第 30 行.

[ 2016-01-30T00:43:06+08:00 ] 127.0.0.1 /index.php/Home/Index/qrcode1?text=http://wxshop.youngwang.net&size=4&level=L&padding=1&logo=http://www.xcsoft.cn/Public//images/success.png
INFO: [ app_init ] --START--
INFO: Run Behavior\BuildLiteBehavior [ RunTime:0.000015s ]
INFO: [ app_init ] --END-- [ RunTime:0.000325s ]
INFO: [ app_begin ] --START--
INFO: Run Behavior\ReadHtmlCacheBehavior [ RunTime:0.000264s ]
INFO: [ app_begin ] --END-- [ RunTime:0.000297s ]
NOTIC: [8] Undefined variable: GET /Applications/XAMPP/xamppfiles/htdocs/yii/Application/Home/Controller/IndexController.class.php 第 29 行.
NOTIC: [8] Use of undefined constant __IMAGE__ - assumed '__IMAGE__' /Applications/XAMPP/xamppfiles/htdocs/yii/Application/Home/Controller/IndexController.class.php 第 31 行.
INFO: [ app_end ] --START--
INFO: Run Behavior\ShowPageTraceBehavior [ RunTime:0.000329s ]
INFO: [ app_end ] --END-- [ RunTime:0.000378s ]
NOTIC: [8] Constant RUNTIME_PATH already defined /Applications/XAMPP/xamppfiles/htdocs/yii/index.php 第 30 行.

[ 2016-01-30T00:43:13+08:00 ] 127.0.0.1 /index.php/Home/Index/qrcode1?text=http://wxshop.youngwang.net&size=6&level=L&padding=1&logo=http://www.xcsoft.cn/Public//images/success.png
INFO: [ app_init ] --START--
INFO: Run Behavior\BuildLiteBehavior [ RunTime:0.000010s ]
INFO: [ app_init ] --END-- [ RunTime:0.000202s ]
INFO: [ app_begin ] --START--
INFO: Run Behavior\ReadHtmlCacheBehavior [ RunTime:0.000246s ]
INFO: [ app_begin ] --END-- [ RunTime:0.000277s ]
NOTIC: [8] Undefined variable: GET /Applications/XAMPP/xamppfiles/htdocs/yii/Application/Home/Controller/IndexController.class.php 第 29 行.
NOTIC: [8] Use of undefined constant __IMAGE__ - assumed '__IMAGE__' /Applications/XAMPP/xamppfiles/htdocs/yii/Application/Home/Controller/IndexController.class.php 第 31 行.
INFO: [ app_end ] --START--
INFO: Run Behavior\ShowPageTraceBehavior [ RunTime:0.000376s ]
INFO: [ app_end ] --END-- [ RunTime:0.000427s ]
NOTIC: [8] Constant RUNTIME_PATH already defined /Applications/XAMPP/xamppfiles/htdocs/yii/index.php 第 30 行.

[ 2016-01-30T00:44:26+08:00 ] 127.0.0.1 /index.php/Home/Index/qrcode1?text=http://wxshop.youngwang.net&size=6&level=L&padding=1&logo=http://www.xcsoft.cn/Public//images/success.png
INFO: [ app_init ] --START--
INFO: Run Behavior\BuildLiteBehavior [ RunTime:0.000011s ]
INFO: [ app_init ] --END-- [ RunTime:0.000217s ]
INFO: [ app_begin ] --START--
INFO: Run Behavior\ReadHtmlCacheBehavior [ RunTime:0.000307s ]
INFO: [ app_begin ] --END-- [ RunTime:0.000339s ]
NOTIC: [8] Undefined variable: GET /Applications/XAMPP/xamppfiles/htdocs/yii/Application/Home/Controller/IndexController.class.php 第 29 行.
NOTIC: [8] Use of undefined constant __IMAGE__ - assumed '__IMAGE__' /Applications/XAMPP/xamppfiles/htdocs/yii/Application/Home/Controller/IndexController.class.php 第 31 行.
INFO: [ app_end ] --START--
INFO: Run Behavior\ShowPageTraceBehavior [ RunTime:0.000378s ]
INFO: [ app_end ] --END-- [ RunTime:0.000433s ]
NOTIC: [8] Constant RUNTIME_PATH already defined /Applications/XAMPP/xamppfiles/htdocs/yii/index.php 第 30 行.

[ 2016-01-30T00:45:45+08:00 ] 127.0.0.1 /index.php/Home/Index/qrcode1?text=http://wxshop.youngwang.net&size=6&level=2&padding=1&logo=http://www.xcsoft.cn/Public//images/success.png
INFO: [ app_init ] --START--
INFO: Run Behavior\BuildLiteBehavior [ RunTime:0.000011s ]
INFO: [ app_init ] --END-- [ RunTime:0.000199s ]
INFO: [ app_begin ] --START--
INFO: Run Behavior\ReadHtmlCacheBehavior [ RunTime:0.000288s ]
INFO: [ app_begin ] --END-- [ RunTime:0.000326s ]
NOTIC: [8] Undefined variable: GET /Applications/XAMPP/xamppfiles/htdocs/yii/Application/Home/Controller/IndexController.class.php 第 29 行.
NOTIC: [8] Use of undefined constant __IMAGE__ - assumed '__IMAGE__' /Applications/XAMPP/xamppfiles/htdocs/yii/Application/Home/Controller/IndexController.class.php 第 31 行.
INFO: [ app_end ] --START--
INFO: Run Behavior\ShowPageTraceBehavior [ RunTime:0.001113s ]
INFO: [ app_end ] --END-- [ RunTime:0.001305s ]
NOTIC: [8] Constant RUNTIME_PATH already defined /Applications/XAMPP/xamppfiles/htdocs/yii/index.php 第 30 行.

[ 2016-01-30T00:45:54+08:00 ] 127.0.0.1 /index.php/Home/Index/qrcode1?text=http://wxshop.youngwang.net&size=4&level=2&padding=1&logo=http://www.xcsoft.cn/Public//images/success.png
INFO: [ app_init ] --START--
INFO: Run Behavior\BuildLiteBehavior [ RunTime:0.000011s ]
INFO: [ app_init ] --END-- [ RunTime:0.000210s ]
INFO: [ app_begin ] --START--
INFO: Run Behavior\ReadHtmlCacheBehavior [ RunTime:0.000265s ]
INFO: [ app_begin ] --END-- [ RunTime:0.000300s ]
NOTIC: [8] Undefined variable: GET /Applications/XAMPP/xamppfiles/htdocs/yii/Application/Home/Controller/IndexController.class.php 第 29 行.
NOTIC: [8] Use of undefined constant __IMAGE__ - assumed '__IMAGE__' /Applications/XAMPP/xamppfiles/htdocs/yii/Application/Home/Controller/IndexController.class.php 第 31 行.
INFO: [ app_end ] --START--
INFO: Run Behavior\ShowPageTraceBehavior [ RunTime:0.000958s ]
INFO: [ app_end ] --END-- [ RunTime:0.001073s ]
NOTIC: [8] Constant RUNTIME_PATH already defined /Applications/XAMPP/xamppfiles/htdocs/yii/index.php 第 30 行.

[ 2016-01-30T00:46:02+08:00 ] 127.0.0.1 /index.php/Home/Index/qrcode1?text=http://wxshop.youngwang.net&size=4&level=2&padding=0&logo=http://www.xcsoft.cn/Public//images/success.png
INFO: [ app_init ] --START--
INFO: Run Behavior\BuildLiteBehavior [ RunTime:0.000011s ]
INFO: [ app_init ] --END-- [ RunTime:0.000207s ]
INFO: [ app_begin ] --START--
INFO: Run Behavior\ReadHtmlCacheBehavior [ RunTime:0.000255s ]
INFO: [ app_begin ] --END-- [ RunTime:0.000286s ]
NOTIC: [8] Undefined variable: GET /Applications/XAMPP/xamppfiles/htdocs/yii/Application/Home/Controller/IndexController.class.php 第 29 行.
NOTIC: [8] Use of undefined constant __IMAGE__ - assumed '__IMAGE__' /Applications/XAMPP/xamppfiles/htdocs/yii/Application/Home/Controller/IndexController.class.php 第 31 行.
INFO: [ app_end ] --START--
INFO: Run Behavior\ShowPageTraceBehavior [ RunTime:0.000665s ]
INFO: [ app_end ] --END-- [ RunTime:0.000785s ]
NOTIC: [8] Constant RUNTIME_PATH already defined /Applications/XAMPP/xamppfiles/htdocs/yii/index.php 第 30 行.

[ 2016-01-30T00:46:57+08:00 ] 127.0.0.1 /index.php/Home/Index/qrcode1?text=http://wxshop.youngwang.net&size=4&level=2&padding=0&logo=http://www.xcsoft.cn/Public//images/success.png
INFO: [ app_init ] --START--
INFO: Run Behavior\BuildLiteBehavior [ RunTime:0.000015s ]
INFO: [ app_init ] --END-- [ RunTime:0.000346s ]
INFO: [ app_begin ] --START--
INFO: Run Behavior\ReadHtmlCacheBehavior [ RunTime:0.000293s ]
INFO: [ app_begin ] --END-- [ RunTime:0.000323s ]
NOTIC: [8] Undefined variable: GET /Applications/XAMPP/xamppfiles/htdocs/yii/Application/Home/Controller/IndexController.class.php 第 29 行.
NOTIC: [8] Use of undefined constant __IMAGE__ - assumed '__IMAGE__' /Applications/XAMPP/xamppfiles/htdocs/yii/Application/Home/Controller/IndexController.class.php 第 30 行.
INFO: [ app_end ] --START--
INFO: Run Behavior\ShowPageTraceBehavior [ RunTime:0.002156s ]
INFO: [ app_end ] --END-- [ RunTime:0.002433s ]
NOTIC: [8] Constant RUNTIME_PATH already defined /Applications/XAMPP/xamppfiles/htdocs/yii/index.php 第 30 行.

[ 2016-01-30T00:47:22+08:00 ] 127.0.0.1 /index.php/Home/Index/qrcode1?text=http://wxshop.youngwang.net&size=4&level=2&padding=0&logo=http://www.xcsoft.cn/Public//images/success.png
INFO: [ app_init ] --START--
INFO: Run Behavior\BuildLiteBehavior [ RunTime:0.000011s ]
INFO: [ app_init ] --END-- [ RunTime:0.000244s ]
INFO: [ app_begin ] --START--
INFO: Run Behavior\ReadHtmlCacheBehavior [ RunTime:0.000267s ]
INFO: [ app_begin ] --END-- [ RunTime:0.000322s ]
NOTIC: [8] Undefined variable: GET /Applications/XAMPP/xamppfiles/htdocs/yii/Application/Home/Controller/IndexController.class.php 第 29 行.
NOTIC: [8] Use of undefined constant __IMAGE__ - assumed '__IMAGE__' /Applications/XAMPP/xamppfiles/htdocs/yii/Application/Home/Controller/IndexController.class.php 第 30 行.
INFO: [ app_end ] --START--
INFO: Run Behavior\ShowPageTraceBehavior [ RunTime:0.002724s ]
INFO: [ app_end ] --END-- [ RunTime:0.002815s ]
NOTIC: [8] Constant RUNTIME_PATH already defined /Applications/XAMPP/xamppfiles/htdocs/yii/index.php 第 30 行.

[ 2016-01-30T00:48:46+08:00 ] 127.0.0.1 /index.php/Home/Index/qrcode1?text=http://wxshop.youngwang.net&size=4&level=2&padding=2&logo=http://www.xcsoft.cn/Public//images/success.png
INFO: [ app_init ] --START--
INFO: Run Behavior\BuildLiteBehavior [ RunTime:0.000011s ]
INFO: [ app_init ] --END-- [ RunTime:0.000255s ]
INFO: [ app_begin ] --START--
INFO: Run Behavior\ReadHtmlCacheBehavior [ RunTime:0.000253s ]
INFO: [ app_begin ] --END-- [ RunTime:0.000284s ]
NOTIC: [8] Undefined variable: GET /Applications/XAMPP/xamppfiles/htdocs/yii/Application/Home/Controller/IndexController.class.php 第 29 行.
NOTIC: [8] Use of undefined constant __IMAGE__ - assumed '__IMAGE__' /Applications/XAMPP/xamppfiles/htdocs/yii/Application/Home/Controller/IndexController.class.php 第 30 行.
INFO: [ app_end ] --START--
INFO: Run Behavior\ShowPageTraceBehavior [ RunTime:0.000798s ]
INFO: [ app_end ] --END-- [ RunTime:0.000928s ]
NOTIC: [8] Constant RUNTIME_PATH already defined /Applications/XAMPP/xamppfiles/htdocs/yii/index.php 第 30 行.

[ 2016-01-30T00:50:48+08:00 ] 127.0.0.1 /index.php/Home/Index/qrcode1?text=http://wxshop.youngwang.net&size=4&level=2&padding=2&logo=http://www.xcsoft.cn/Public//images/success.png
INFO: [ app_init ] --START--
INFO: Run Behavior\BuildLiteBehavior [ RunTime:0.000016s ]
INFO: [ app_init ] --END-- [ RunTime:0.000359s ]
INFO: [ app_begin ] --START--
INFO: Run Behavior\ReadHtmlCacheBehavior [ RunTime:0.000288s ]
INFO: [ app_begin ] --END-- [ RunTime:0.000328s ]
NOTIC: [8] Undefined variable: GET /Applications/XAMPP/xamppfiles/htdocs/yii/Application/Home/Controller/IndexController.class.php 第 29 行.
NOTIC: [8] Use of undefined constant __IMAGE__ - assumed '__IMAGE__' /Applications/XAMPP/xamppfiles/htdocs/yii/Application/Home/Controller/IndexController.class.php 第 30 行.
INFO: [ app_end ] --START--
INFO: Run Behavior\ShowPageTraceBehavior [ RunTime:0.000375s ]
INFO: [ app_end ] --END-- [ RunTime:0.000428s ]
NOTIC: [8] Constant RUNTIME_PATH already defined /Applications/XAMPP/xamppfiles/htdocs/yii/index.php 第 30 行.

[ 2016-01-30T00:51:55+08:00 ] 127.0.0.1 /index.php/Home/Index/qrcode1?text=http://wxshop.youngwang.net&size=4&level=2&padding=2&logo=http://www.xcsoft.cn/Public//images/success.png
INFO: [ app_init ] --START--
INFO: Run Behavior\BuildLiteBehavior [ RunTime:0.000010s ]
INFO: [ app_init ] --END-- [ RunTime:0.000200s ]
INFO: [ app_begin ] --START--
INFO: Run Behavior\ReadHtmlCacheBehavior [ RunTime:0.000246s ]
INFO: [ app_begin ] --END-- [ RunTime:0.000274s ]

[ 2016-01-30T00:53:57+08:00 ] 127.0.0.1 /index.php/Home/Index/qrcode1?text=http://wxshop.youngwang.net&size=4&level=2&padding=2&logo=http://www.xcsoft.cn/Public//images/success.png
INFO: [ app_init ] --START--
INFO: Run Behavior\BuildLiteBehavior [ RunTime:0.000050s ]
INFO: [ app_init ] --END-- [ RunTime:0.000564s ]
INFO: [ app_begin ] --START--
INFO: Run Behavior\ReadHtmlCacheBehavior [ RunTime:0.000479s ]
INFO: [ app_begin ] --END-- [ RunTime:0.000552s ]

[ 2016-01-30T00:53:59+08:00 ] 127.0.0.1 /index.php/Home/Index/qrcode1?text=http://wxshop.youngwang.net&size=4&level=2&padding=2&logo=http://www.xcsoft.cn/Public//images/success.png
INFO: [ app_init ] --START--
INFO: Run Behavior\BuildLiteBehavior [ RunTime:0.000010s ]
INFO: [ app_init ] --END-- [ RunTime:0.000194s ]
INFO: [ app_begin ] --START--
INFO: Run Behavior\ReadHtmlCacheBehavior [ RunTime:0.000261s ]
INFO: [ app_begin ] --END-- [ RunTime:0.000293s ]

[ 2016-01-30T00:55:19+08:00 ] 127.0.0.1 /index.php/Home/Index/qrcode1?text=http://wxshop.youngwang.net&size=4&level=2&padding=2&logo=http://www.xcsoft.cn/Public//images/success.png
INFO: [ app_init ] --START--
INFO: Run Behavior\BuildLiteBehavior [ RunTime:0.000015s ]
INFO: [ app_init ] --END-- [ RunTime:0.000331s ]
INFO: [ app_begin ] --START--
INFO: Run Behavior\ReadHtmlCacheBehavior [ RunTime:0.000425s ]
INFO: [ app_begin ] --END-- [ RunTime:0.000482s ]
NOTIC: [8] Undefined variable: GET /Applications/XAMPP/xamppfiles/htdocs/yii/Application/Home/Controller/IndexController.class.php 第 29 行.
NOTIC: [8] Use of undefined constant __IMAGE__ - assumed '__IMAGE__' /Applications/XAMPP/xamppfiles/htdocs/yii/Application/Home/Controller/IndexController.class.php 第 30 行.
INFO: [ app_end ] --START--
INFO: Run Behavior\ShowPageTraceBehavior [ RunTime:0.000518s ]
INFO: [ app_end ] --END-- [ RunTime:0.000590s ]
NOTIC: [8] Constant RUNTIME_PATH already defined /Applications/XAMPP/xamppfiles/htdocs/yii/index.php 第 30 行.

[ 2016-01-30T00:56:49+08:00 ] 127.0.0.1 /index.php/Home/Index/qrcode1?text=http://wxshop.youngwang.net&size=4&level=2&padding=20&logo=http://www.xcsoft.cn/Public//images/success.png
INFO: [ app_init ] --START--
INFO: Run Behavior\BuildLiteBehavior [ RunTime:0.000012s ]
INFO: [ app_init ] --END-- [ RunTime:0.000223s ]
INFO: [ app_begin ] --START--
INFO: Run Behavior\ReadHtmlCacheBehavior [ RunTime:0.000247s ]
INFO: [ app_begin ] --END-- [ RunTime:0.000279s ]
NOTIC: [8] Undefined variable: GET /Applications/XAMPP/xamppfiles/htdocs/yii/Application/Home/Controller/IndexController.class.php 第 29 行.
NOTIC: [8] Use of undefined constant __IMAGE__ - assumed '__IMAGE__' /Applications/XAMPP/xamppfiles/htdocs/yii/Application/Home/Controller/IndexController.class.php 第 30 行.
INFO: [ app_end ] --START--
INFO: Run Behavior\ShowPageTraceBehavior [ RunTime:0.000482s ]
INFO: [ app_end ] --END-- [ RunTime:0.000553s ]
NOTIC: [8] Constant RUNTIME_PATH already defined /Applications/XAMPP/xamppfiles/htdocs/yii/index.php 第 30 行.

[ 2016-01-30T01:00:46+08:00 ] 127.0.0.1 /index.php/Home/Index/qrcode1?text=http://wxshop.youngwang.net&size=4&level=2&padding=20&logo=http://www.xcsoft.cn/Public//images/success.png
INFO: [ app_init ] --START--
INFO: Run Behavior\BuildLiteBehavior [ RunTime:0.000047s ]
INFO: [ app_init ] --END-- [ RunTime:0.000611s ]
INFO: [ app_begin ] --START--
INFO: Run Behavior\ReadHtmlCacheBehavior [ RunTime:0.000595s ]
INFO: [ app_begin ] --END-- [ RunTime:0.000685s ]
NOTIC: [8] Undefined variable: GET /Applications/XAMPP/xamppfiles/htdocs/yii/Application/Home/Controller/IndexController.class.php 第 29 行.
NOTIC: [8] Use of undefined constant __IMAGE__ - assumed '__IMAGE__' /Applications/XAMPP/xamppfiles/htdocs/yii/Application/Home/Controller/IndexController.class.php 第 30 行.
INFO: [ app_end ] --START--
INFO: Run Behavior\ShowPageTraceBehavior [ RunTime:0.001648s ]
INFO: [ app_end ] --END-- [ RunTime:0.001936s ]
NOTIC: [8] Constant RUNTIME_PATH already defined /Applications/XAMPP/xamppfiles/htdocs/yii/index.php 第 30 行.

[ 2016-01-30T01:00:48+08:00 ] 127.0.0.1 /index.php/Home/Index/qrcode1?text=http://wxshop.youngwang.net&size=4&level=2&padding=20&logo=http://www.xcsoft.cn/Public//images/success.png
INFO: [ app_init ] --START--
INFO: Run Behavior\BuildLiteBehavior [ RunTime:0.000017s ]
INFO: [ app_init ] --END-- [ RunTime:0.000338s ]
INFO: [ app_begin ] --START--
INFO: Run Behavior\ReadHtmlCacheBehavior [ RunTime:0.000825s ]
INFO: [ app_begin ] --END-- [ RunTime:0.000923s ]
NOTIC: [8] Undefined variable: GET /Applications/XAMPP/xamppfiles/htdocs/yii/Application/Home/Controller/IndexController.class.php 第 29 行.
NOTIC: [8] Use of undefined constant __IMAGE__ - assumed '__IMAGE__' /Applications/XAMPP/xamppfiles/htdocs/yii/Application/Home/Controller/IndexController.class.php 第 30 行.
INFO: [ app_end ] --START--
INFO: Run Behavior\ShowPageTraceBehavior [ RunTime:0.002704s ]
INFO: [ app_end ] --END-- [ RunTime:0.003495s ]
NOTIC: [8] Constant RUNTIME_PATH already defined /Applications/XAMPP/xamppfiles/htdocs/yii/index.php 第 30 行.

[ 2016-01-30T01:18:20+08:00 ] 127.0.0.1 /index.php/Home/Index/index
INFO: [ app_init ] --START--
INFO: Run Behavior\BuildLiteBehavior [ RunTime:0.000020s ]
INFO: [ app_init ] --END-- [ RunTime:0.000674s ]
INFO: [ app_begin ] --START--
INFO: Run Behavior\ReadHtmlCacheBehavior [ RunTime:0.001141s ]
INFO: [ app_begin ] --END-- [ RunTime:0.001260s ]

[ 2016-01-30T01:18:27+08:00 ] 127.0.0.1 /index.php/Home/Index/qrcode1?text=http://wxshop.youngwang.net&size=4&level=L&padding=2&logo=http://www.xcsoft.cn/Public//images/success.png
INFO: [ app_init ] --START--
INFO: Run Behavior\BuildLiteBehavior [ RunTime:0.000016s ]
INFO: [ app_init ] --END-- [ RunTime:0.000280s ]
INFO: [ app_begin ] --START--
INFO: Run Behavior\ReadHtmlCacheBehavior [ RunTime:0.000301s ]
INFO: [ app_begin ] --END-- [ RunTime:0.000337s ]
NOTIC: [8] Undefined variable: GET /Applications/XAMPP/xamppfiles/htdocs/yii/Application/Home/Controller/IndexController.class.php 第 29 行.
NOTIC: [8] Use of undefined constant __IMAGE__ - assumed '__IMAGE__' /Applications/XAMPP/xamppfiles/htdocs/yii/Application/Home/Controller/IndexController.class.php 第 30 行.
NOTIC: [2] file_get_contents(): php_network_getaddresses: getaddrinfo failed: nodename nor servname provided, or not known /Applications/XAMPP/xamppfiles/htdocs/yii/Application/Home/Controller/IndexController.class.php 第 37 行.
NOTIC: [2] file_get_contents(http://www.xcsoft.cn/Public//images/success.png): failed to open stream: php_network_getaddresses: getaddrinfo failed: nodename nor servname provided, or not known /Applications/XAMPP/xamppfiles/htdocs/yii/Application/Home/Controller/IndexController.class.php 第 37 行.
NOTIC: [2] imagecreatefromstring(): Empty string or invalid image /Applications/XAMPP/xamppfiles/htdocs/yii/Application/Home/Controller/IndexController.class.php 第 37 行.
NOTIC: [2] imagesx() expects parameter 1 to be resource, boolean given /Applications/XAMPP/xamppfiles/htdocs/yii/Application/Home/Controller/IndexController.class.php 第 40 行.
NOTIC: [2] imagesy() expects parameter 1 to be resource, boolean given /Applications/XAMPP/xamppfiles/htdocs/yii/Application/Home/Controller/IndexController.class.php 第 41 行.
NOTIC: [2] imagecopyresampled() expects parameter 2 to be resource, boolean given /Applications/XAMPP/xamppfiles/htdocs/yii/Application/Home/Controller/IndexController.class.php 第 46 行.
INFO: [ app_end ] --START--
INFO: Run Behavior\ShowPageTraceBehavior [ RunTime:0.001192s ]
INFO: [ app_end ] --END-- [ RunTime:0.001299s ]
NOTIC: [8] Constant RUNTIME_PATH already defined /Applications/XAMPP/xamppfiles/htdocs/yii/index.php 第 30 行.

[ 2016-01-30T01:18:31+08:00 ] 127.0.0.1 /index.php/Home/Index/qrcode1?text=http://wxshop.youngwang.net&size=4&level=L&padding=2&logo=http://www.xcsoft.cn/Public//images/success.png
INFO: [ app_init ] --START--
INFO: Run Behavior\BuildLiteBehavior [ RunTime:0.000010s ]
INFO: [ app_init ] --END-- [ RunTime:0.000205s ]
INFO: [ app_begin ] --START--
INFO: Run Behavior\ReadHtmlCacheBehavior [ RunTime:0.000250s ]
INFO: [ app_begin ] --END-- [ RunTime:0.000279s ]
NOTIC: [8] Undefined variable: GET /Applications/XAMPP/xamppfiles/htdocs/yii/Application/Home/Controller/IndexController.class.php 第 29 行.
NOTIC: [8] Use of undefined constant __IMAGE__ - assumed '__IMAGE__' /Applications/XAMPP/xamppfiles/htdocs/yii/Application/Home/Controller/IndexController.class.php 第 30 行.
NOTIC: [2] file_get_contents(): php_network_getaddresses: getaddrinfo failed: nodename nor servname provided, or not known /Applications/XAMPP/xamppfiles/htdocs/yii/Application/Home/Controller/IndexController.class.php 第 37 行.
NOTIC: [2] file_get_contents(http://www.xcsoft.cn/Public//images/success.png): failed to open stream: php_network_getaddresses: getaddrinfo failed: nodename nor servname provided, or not known /Applications/XAMPP/xamppfiles/htdocs/yii/Application/Home/Controller/IndexController.class.php 第 37 行.
NOTIC: [2] imagecreatefromstring(): Empty string or invalid image /Applications/XAMPP/xamppfiles/htdocs/yii/Application/Home/Controller/IndexController.class.php 第 37 行.
NOTIC: [2] imagesx() expects parameter 1 to be resource, boolean given /Applications/XAMPP/xamppfiles/htdocs/yii/Application/Home/Controller/IndexController.class.php 第 40 行.
NOTIC: [2] imagesy() expects parameter 1 to be resource, boolean given /Applications/XAMPP/xamppfiles/htdocs/yii/Application/Home/Controller/IndexController.class.php 第 41 行.
NOTIC: [2] imagecopyresampled() expects parameter 2 to be resource, boolean given /Applications/XAMPP/xamppfiles/htdocs/yii/Application/Home/Controller/IndexController.class.php 第 46 行.
INFO: [ app_end ] --START--
INFO: Run Behavior\ShowPageTraceBehavior [ RunTime:0.000308s ]
INFO: [ app_end ] --END-- [ RunTime:0.000340s ]
NOTIC: [8] Constant RUNTIME_PATH already defined /Applications/XAMPP/xamppfiles/htdocs/yii/index.php 第 30 行.

[ 2016-01-30T01:19:20+08:00 ] 127.0.0.1 /index.php/Home/Index/qrcode1?text=http://wxshop.youngwang.net&size=4&level=L&padding=2&logo=http://www.xcsoft.cn/Public//images/success.png
INFO: [ app_init ] --START--
INFO: Run Behavior\BuildLiteBehavior [ RunTime:0.000016s ]
INFO: [ app_init ] --END-- [ RunTime:0.000287s ]
INFO: [ app_begin ] --START--
INFO: Run Behavior\ReadHtmlCacheBehavior [ RunTime:0.000360s ]
INFO: [ app_begin ] --END-- [ RunTime:0.000398s ]
NOTIC: [8] Undefined variable: GET /Applications/XAMPP/xamppfiles/htdocs/yii/Application/Home/Controller/IndexController.class.php 第 29 行.
NOTIC: [8] Use of undefined constant __IMAGE__ - assumed '__IMAGE__' /Applications/XAMPP/xamppfiles/htdocs/yii/Application/Home/Controller/IndexController.class.php 第 30 行.
NOTIC: [2] file_get_contents(): php_network_getaddresses: getaddrinfo failed: nodename nor servname provided, or not known /Applications/XAMPP/xamppfiles/htdocs/yii/Application/Home/Controller/IndexController.class.php 第 37 行.
NOTIC: [2] file_get_contents(http://www.xcsoft.cn/Public//images/success.png): failed to open stream: php_network_getaddresses: getaddrinfo failed: nodename nor servname provided, or not known /Applications/XAMPP/xamppfiles/htdocs/yii/Application/Home/Controller/IndexController.class.php 第 37 行.
NOTIC: [2] imagecreatefromstring(): Empty string or invalid image /Applications/XAMPP/xamppfiles/htdocs/yii/Application/Home/Controller/IndexController.class.php 第 37 行.
NOTIC: [2] imagesx() expects parameter 1 to be resource, boolean given /Applications/XAMPP/xamppfiles/htdocs/yii/Application/Home/Controller/IndexController.class.php 第 40 行.
NOTIC: [2] imagesy() expects parameter 1 to be resource, boolean given /Applications/XAMPP/xamppfiles/htdocs/yii/Application/Home/Controller/IndexController.class.php 第 41 行.
NOTIC: [2] Division by zero /Applications/XAMPP/xamppfiles/htdocs/yii/Application/Home/Controller/IndexController.class.php 第 44 行.
NOTIC: [2] imagecopyresampled() expects parameter 2 to be resource, boolean given /Applications/XAMPP/xamppfiles/htdocs/yii/Application/Home/Controller/IndexController.class.php 第 46 行.
INFO: [ app_end ] --START--
INFO: Run Behavior\ShowPageTraceBehavior [ RunTime:0.000360s ]
INFO: [ app_end ] --END-- [ RunTime:0.000396s ]
NOTIC: [8] Constant RUNTIME_PATH already defined /Applications/XAMPP/xamppfiles/htdocs/yii/index.php 第 30 行.

[ 2016-01-30T01:19:21+08:00 ] 127.0.0.1 /index.php/Home/Index/qrcode1?text=http://wxshop.youngwang.net&size=4&level=L&padding=2&logo=http://www.xcsoft.cn/Public//images/success.png
INFO: [ app_init ] --START--
INFO: Run Behavior\BuildLiteBehavior [ RunTime:0.000011s ]
INFO: [ app_init ] --END-- [ RunTime:0.000250s ]
INFO: [ app_begin ] --START--
INFO: Run Behavior\ReadHtmlCacheBehavior [ RunTime:0.000276s ]
INFO: [ app_begin ] --END-- [ RunTime:0.000314s ]
NOTIC: [8] Undefined variable: GET /Applications/XAMPP/xamppfiles/htdocs/yii/Application/Home/Controller/IndexController.class.php 第 29 行.
NOTIC: [8] Use of undefined constant __IMAGE__ - assumed '__IMAGE__' /Applications/XAMPP/xamppfiles/htdocs/yii/Application/Home/Controller/IndexController.class.php 第 30 行.
NOTIC: [2] file_get_contents(): php_network_getaddresses: getaddrinfo failed: nodename nor servname provided, or not known /Applications/XAMPP/xamppfiles/htdocs/yii/Application/Home/Controller/IndexController.class.php 第 37 行.
NOTIC: [2] file_get_contents(http://www.xcsoft.cn/Public//images/success.png): failed to open stream: php_network_getaddresses: getaddrinfo failed: nodename nor servname provided, or not known /Applications/XAMPP/xamppfiles/htdocs/yii/Application/Home/Controller/IndexController.class.php 第 37 行.
NOTIC: [2] imagecreatefromstring(): Empty string or invalid image /Applications/XAMPP/xamppfiles/htdocs/yii/Application/Home/Controller/IndexController.class.php 第 37 行.
NOTIC: [2] imagesx() expects parameter 1 to be resource, boolean given /Applications/XAMPP/xamppfiles/htdocs/yii/Application/Home/Controller/IndexController.class.php 第 40 行.
NOTIC: [2] imagesy() expects parameter 1 to be resource, boolean given /Applications/XAMPP/xamppfiles/htdocs/yii/Application/Home/Controller/IndexController.class.php 第 41 行.
NOTIC: [2] Division by zero /Applications/XAMPP/xamppfiles/htdocs/yii/Application/Home/Controller/IndexController.class.php 第 44 行.
NOTIC: [2] imagecopyresampled() expects parameter 2 to be resource, boolean given /Applications/XAMPP/xamppfiles/htdocs/yii/Application/Home/Controller/IndexController.class.php 第 46 行.
INFO: [ app_end ] --START--
INFO: Run Behavior\ShowPageTraceBehavior [ RunTime:0.000830s ]
INFO: [ app_end ] --END-- [ RunTime:0.000961s ]
NOTIC: [8] Constant RUNTIME_PATH already defined /Applications/XAMPP/xamppfiles/htdocs/yii/index.php 第 30 行.

[ 2016-01-30T01:19:21+08:00 ] 127.0.0.1 /index.php/Home/Index/qrcode1?text=http://wxshop.youngwang.net&size=4&level=L&padding=2&logo=http://www.xcsoft.cn/Public//images/success.png
INFO: [ app_init ] --START--
INFO: Run Behavior\BuildLiteBehavior [ RunTime:0.000027s ]
INFO: [ app_init ] --END-- [ RunTime:0.000521s ]
INFO: [ app_begin ] --START--
INFO: Run Behavior\ReadHtmlCacheBehavior [ RunTime:0.000297s ]
INFO: [ app_begin ] --END-- [ RunTime:0.000330s ]
NOTIC: [8] Undefined variable: GET /Applications/XAMPP/xamppfiles/htdocs/yii/Application/Home/Controller/IndexController.class.php 第 29 行.
NOTIC: [8] Use of undefined constant __IMAGE__ - assumed '__IMAGE__' /Applications/XAMPP/xamppfiles/htdocs/yii/Application/Home/Controller/IndexController.class.php 第 30 行.
NOTIC: [2] file_get_contents(): php_network_getaddresses: getaddrinfo failed: nodename nor servname provided, or not known /Applications/XAMPP/xamppfiles/htdocs/yii/Application/Home/Controller/IndexController.class.php 第 37 行.
NOTIC: [2] file_get_contents(http://www.xcsoft.cn/Public//images/success.png): failed to open stream: php_network_getaddresses: getaddrinfo failed: nodename nor servname provided, or not known /Applications/XAMPP/xamppfiles/htdocs/yii/Application/Home/Controller/IndexController.class.php 第 37 行.
NOTIC: [2] imagecreatefromstring(): Empty string or invalid image /Applications/XAMPP/xamppfiles/htdocs/yii/Application/Home/Controller/IndexController.class.php 第 37 行.
NOTIC: [2] imagesx() expects parameter 1 to be resource, boolean given /Applications/XAMPP/xamppfiles/htdocs/yii/Application/Home/Controller/IndexController.class.php 第 40 行.
NOTIC: [2] imagesy() expects parameter 1 to be resource, boolean given /Applications/XAMPP/xamppfiles/htdocs/yii/Application/Home/Controller/IndexController.class.php 第 41 行.
NOTIC: [2] Division by zero /Applications/XAMPP/xamppfiles/htdocs/yii/Application/Home/Controller/IndexController.class.php 第 44 行.
NOTIC: [2] imagecopyresampled() expects parameter 2 to be resource, boolean given /Applications/XAMPP/xamppfiles/htdocs/yii/Application/Home/Controller/IndexController.class.php 第 46 行.
INFO: [ app_end ] --START--
INFO: Run Behavior\ShowPageTraceBehavior [ RunTime:0.000360s ]
INFO: [ app_end ] --END-- [ RunTime:0.000398s ]
NOTIC: [8] Constant RUNTIME_PATH already defined /Applications/XAMPP/xamppfiles/htdocs/yii/index.php 第 30 行.

[ 2016-01-30T01:19:23+08:00 ] 127.0.0.1 /index.php/Home/Index/qrcode1?text=http://wxshop.youngwang.net&size=4&level=L&padding=2&logo=http://www.xcsoft.cn/Public//images/success.png
INFO: [ app_init ] --START--
INFO: Run Behavior\BuildLiteBehavior [ RunTime:0.000008s ]
INFO: [ app_init ] --END-- [ RunTime:0.000200s ]
INFO: [ app_begin ] --START--
INFO: Run Behavior\ReadHtmlCacheBehavior [ RunTime:0.000228s ]
INFO: [ app_begin ] --END-- [ RunTime:0.000254s ]
NOTIC: [8] Undefined variable: GET /Applications/XAMPP/xamppfiles/htdocs/yii/Application/Home/Controller/IndexController.class.php 第 29 行.
NOTIC: [8] Use of undefined constant __IMAGE__ - assumed '__IMAGE__' /Applications/XAMPP/xamppfiles/htdocs/yii/Application/Home/Controller/IndexController.class.php 第 30 行.
NOTIC: [2] file_get_contents(): php_network_getaddresses: getaddrinfo failed: nodename nor servname provided, or not known /Applications/XAMPP/xamppfiles/htdocs/yii/Application/Home/Controller/IndexController.class.php 第 37 行.
NOTIC: [2] file_get_contents(http://www.xcsoft.cn/Public//images/success.png): failed to open stream: php_network_getaddresses: getaddrinfo failed: nodename nor servname provided, or not known /Applications/XAMPP/xamppfiles/htdocs/yii/Application/Home/Controller/IndexController.class.php 第 37 行.
NOTIC: [2] imagecreatefromstring(): Empty string or invalid image /Applications/XAMPP/xamppfiles/htdocs/yii/Application/Home/Controller/IndexController.class.php 第 37 行.
NOTIC: [2] imagesx() expects parameter 1 to be resource, boolean given /Applications/XAMPP/xamppfiles/htdocs/yii/Application/Home/Controller/IndexController.class.php 第 40 行.
NOTIC: [2] imagesy() expects parameter 1 to be resource, boolean given /Applications/XAMPP/xamppfiles/htdocs/yii/Application/Home/Controller/IndexController.class.php 第 41 行.
NOTIC: [2] Division by zero /Applications/XAMPP/xamppfiles/htdocs/yii/Application/Home/Controller/IndexController.class.php 第 44 行.
NOTIC: [2] imagecopyresampled() expects parameter 2 to be resource, boolean given /Applications/XAMPP/xamppfiles/htdocs/yii/Application/Home/Controller/IndexController.class.php 第 46 行.
INFO: [ app_end ] --START--
INFO: Run Behavior\ShowPageTraceBehavior [ RunTime:0.000320s ]
INFO: [ app_end ] --END-- [ RunTime:0.000359s ]
NOTIC: [8] Constant RUNTIME_PATH already defined /Applications/XAMPP/xamppfiles/htdocs/yii/index.php 第 30 行.

[ 2016-01-30T01:19:26+08:00 ] 127.0.0.1 /index.php/Home/Index/qrcode1?text=http://wxshop.youngwang.net&size=4&level=L&padding=2&logo=http://www.xcsoft.cn/Public//images/success.png
INFO: [ app_init ] --START--
INFO: Run Behavior\BuildLiteBehavior [ RunTime:0.000012s ]
INFO: [ app_init ] --END-- [ RunTime:0.000222s ]
INFO: [ app_begin ] --START--
INFO: Run Behavior\ReadHtmlCacheBehavior [ RunTime:0.000273s ]
INFO: [ app_begin ] --END-- [ RunTime:0.000304s ]
NOTIC: [8] Undefined variable: GET /Applications/XAMPP/xamppfiles/htdocs/yii/Application/Home/Controller/IndexController.class.php 第 29 行.
NOTIC: [8] Use of undefined constant __IMAGE__ - assumed '__IMAGE__' /Applications/XAMPP/xamppfiles/htdocs/yii/Application/Home/Controller/IndexController.class.php 第 30 行.
NOTIC: [2] file_get_contents(): php_network_getaddresses: getaddrinfo failed: nodename nor servname provided, or not known /Applications/XAMPP/xamppfiles/htdocs/yii/Application/Home/Controller/IndexController.class.php 第 37 行.
NOTIC: [2] file_get_contents(http://www.xcsoft.cn/Public//images/success.png): failed to open stream: php_network_getaddresses: getaddrinfo failed: nodename nor servname provided, or not known /Applications/XAMPP/xamppfiles/htdocs/yii/Application/Home/Controller/IndexController.class.php 第 37 行.
NOTIC: [2] imagecreatefromstring(): Empty string or invalid image /Applications/XAMPP/xamppfiles/htdocs/yii/Application/Home/Controller/IndexController.class.php 第 37 行.
NOTIC: [2] imagesx() expects parameter 1 to be resource, boolean given /Applications/XAMPP/xamppfiles/htdocs/yii/Application/Home/Controller/IndexController.class.php 第 40 行.
NOTIC: [2] imagesy() expects parameter 1 to be resource, boolean given /Applications/XAMPP/xamppfiles/htdocs/yii/Application/Home/Controller/IndexController.class.php 第 41 行.
NOTIC: [2] Division by zero /Applications/XAMPP/xamppfiles/htdocs/yii/Application/Home/Controller/IndexController.class.php 第 44 行.
NOTIC: [2] imagecopyresampled() expects parameter 2 to be resource, boolean given /Applications/XAMPP/xamppfiles/htdocs/yii/Application/Home/Controller/IndexController.class.php 第 46 行.
INFO: [ app_end ] --START--
INFO: Run Behavior\ShowPageTraceBehavior [ RunTime:0.000348s ]
INFO: [ app_end ] --END-- [ RunTime:0.000385s ]
NOTIC: [8] Constant RUNTIME_PATH already defined /Applications/XAMPP/xamppfiles/htdocs/yii/index.php 第 30 行.

[ 2016-01-30T01:21:11+08:00 ] 127.0.0.1 /index.php/Home/Index/qrcode1?text=http://wxshop.youngwang.net&size=4&level=L&padding=2&logo=http://www.xcsoft.cn/Public//images/success.png
INFO: [ app_init ] --START--
INFO: Run Behavior\BuildLiteBehavior [ RunTime:0.000043s ]
INFO: [ app_init ] --END-- [ RunTime:0.001028s ]
INFO: [ app_begin ] --START--
INFO: Run Behavior\ReadHtmlCacheBehavior [ RunTime:0.000529s ]
INFO: [ app_begin ] --END-- [ RunTime:0.000588s ]
NOTIC: [8] Undefined variable: GET /Applications/XAMPP/xamppfiles/htdocs/yii/Application/Home/Controller/IndexController.class.php 第 29 行.
NOTIC: [8] Use of undefined constant __IMAGE__ - assumed '__IMAGE__' /Applications/XAMPP/xamppfiles/htdocs/yii/Application/Home/Controller/IndexController.class.php 第 30 行.
INFO: [ app_end ] --START--
INFO: Run Behavior\ShowPageTraceBehavior [ RunTime:0.000657s ]
INFO: [ app_end ] --END-- [ RunTime:0.000754s ]
NOTIC: [8] Constant RUNTIME_PATH already defined /Applications/XAMPP/xamppfiles/htdocs/yii/index.php 第 30 行.

[ 2016-01-30T01:21:29+08:00 ] 127.0.0.1 /index.php/Home/Index/qrcode1?text=http://wxshop.youngwang.net&size=4&level=L&padding=2&logo=http://www.xcsoft.cn/Public//images/success.png
INFO: [ app_init ] --START--
INFO: Run Behavior\BuildLiteBehavior [ RunTime:0.000016s ]
INFO: [ app_init ] --END-- [ RunTime:0.000291s ]
INFO: [ app_begin ] --START--
INFO: Run Behavior\ReadHtmlCacheBehavior [ RunTime:0.000303s ]
INFO: [ app_begin ] --END-- [ RunTime:0.000336s ]
NOTIC: [8] Undefined variable: GET /Applications/XAMPP/xamppfiles/htdocs/yii/Application/Home/Controller/IndexController.class.php 第 29 行.
NOTIC: [8] Use of undefined constant __IMAGE__ - assumed '__IMAGE__' /Applications/XAMPP/xamppfiles/htdocs/yii/Application/Home/Controller/IndexController.class.php 第 30 行.
INFO: [ app_end ] --START--
INFO: Run Behavior\ShowPageTraceBehavior [ RunTime:0.000570s ]
INFO: [ app_end ] --END-- [ RunTime:0.000651s ]
NOTIC: [8] Constant RUNTIME_PATH already defined /Applications/XAMPP/xamppfiles/htdocs/yii/index.php 第 30 行.

[ 2016-01-30T01:21:35+08:00 ] 127.0.0.1 /index.php/Home/Index/qrcode1?text=http://wxshop.youngwang.net&size=4&level=L&padding=2&logo=http://www.xcsoft.cn/Public//images/success.png
INFO: [ app_init ] --START--
INFO: Run Behavior\BuildLiteBehavior [ RunTime:0.000009s ]
INFO: [ app_init ] --END-- [ RunTime:0.000189s ]
INFO: [ app_begin ] --START--
INFO: Run Behavior\ReadHtmlCacheBehavior [ RunTime:0.000241s ]
INFO: [ app_begin ] --END-- [ RunTime:0.000268s ]
NOTIC: [8] Undefined variable: GET /Applications/XAMPP/xamppfiles/htdocs/yii/Application/Home/Controller/IndexController.class.php 第 29 行.
NOTIC: [8] Use of undefined constant __IMAGE__ - assumed '__IMAGE__' /Applications/XAMPP/xamppfiles/htdocs/yii/Application/Home/Controller/IndexController.class.php 第 30 行.
INFO: [ app_end ] --START--
INFO: Run Behavior\ShowPageTraceBehavior [ RunTime:0.000339s ]
INFO: [ app_end ] --END-- [ RunTime:0.000388s ]
NOTIC: [8] Constant RUNTIME_PATH already defined /Applications/XAMPP/xamppfiles/htdocs/yii/index.php 第 30 行.

[ 2016-01-30T14:10:33+08:00 ] 127.0.0.1 /index.php/Home/Index/qrcode1?text=http://wxshop.youngwang.net&size=4&level=L&padding=2&logo=http://www.xcsoft.cn/Public//images/success.png
INFO: [ app_init ] --START--
INFO: Run Behavior\BuildLiteBehavior [ RunTime:0.000038s ]
INFO: [ app_init ] --END-- [ RunTime:0.002492s ]
INFO: [ app_begin ] --START--
INFO: Run Behavior\ReadHtmlCacheBehavior [ RunTime:0.001187s ]
INFO: [ app_begin ] --END-- [ RunTime:0.001249s ]
NOTIC: [8] Undefined variable: GET /Applications/XAMPP/xamppfiles/htdocs/yii/Application/Home/Controller/IndexController.class.php 第 29 行.
NOTIC: [8] Use of undefined constant __IMAGE__ - assumed '__IMAGE__' /Applications/XAMPP/xamppfiles/htdocs/yii/Application/Home/Controller/IndexController.class.php 第 30 行.
NOTIC: [2] file_get_contents(): php_network_getaddresses: getaddrinfo failed: nodename nor servname provided, or not known /Applications/XAMPP/xamppfiles/htdocs/yii/Application/Home/Controller/IndexController.class.php 第 37 行.
NOTIC: [2] file_get_contents(http://www.xcsoft.cn/Public//images/success.png): failed to open stream: php_network_getaddresses: getaddrinfo failed: nodename nor servname provided, or not known /Applications/XAMPP/xamppfiles/htdocs/yii/Application/Home/Controller/IndexController.class.php 第 37 行.
NOTIC: [2] imagecreatefromstring(): Empty string or invalid image /Applications/XAMPP/xamppfiles/htdocs/yii/Application/Home/Controller/IndexController.class.php 第 37 行.
NOTIC: [2] imagesx() expects parameter 1 to be resource, boolean given /Applications/XAMPP/xamppfiles/htdocs/yii/Application/Home/Controller/IndexController.class.php 第 40 行.
NOTIC: [2] imagesy() expects parameter 1 to be resource, boolean given /Applications/XAMPP/xamppfiles/htdocs/yii/Application/Home/Controller/IndexController.class.php 第 41 行.
NOTIC: [2] Division by zero /Applications/XAMPP/xamppfiles/htdocs/yii/Application/Home/Controller/IndexController.class.php 第 44 行.
NOTIC: [2] imagecopyresampled() expects parameter 2 to be resource, boolean given /Applications/XAMPP/xamppfiles/htdocs/yii/Application/Home/Controller/IndexController.class.php 第 46 行.
INFO: [ app_end ] --START--
INFO: Run Behavior\ShowPageTraceBehavior [ RunTime:0.000729s ]
INFO: [ app_end ] --END-- [ RunTime:0.000772s ]
NOTIC: [8] Constant RUNTIME_PATH already defined /Applications/XAMPP/xamppfiles/htdocs/yii/index.php 第 30 行.

[ 2016-01-30T14:10:35+08:00 ] 127.0.0.1 /index.php/Home/Index/qrcode1?text=http://wxshop.youngwang.net&size=4&level=L&padding=2&logo=http://www.xcsoft.cn/Public//images/success.png
INFO: [ app_init ] --START--
INFO: Run Behavior\BuildLiteBehavior [ RunTime:0.000009s ]
INFO: [ app_init ] --END-- [ RunTime:0.000208s ]
INFO: [ app_begin ] --START--
INFO: Run Behavior\ReadHtmlCacheBehavior [ RunTime:0.000286s ]
INFO: [ app_begin ] --END-- [ RunTime:0.000317s ]
NOTIC: [8] Undefined variable: GET /Applications/XAMPP/xamppfiles/htdocs/yii/Application/Home/Controller/IndexController.class.php 第 29 行.
NOTIC: [8] Use of undefined constant __IMAGE__ - assumed '__IMAGE__' /Applications/XAMPP/xamppfiles/htdocs/yii/Application/Home/Controller/IndexController.class.php 第 30 行.
NOTIC: [2] file_get_contents(): php_network_getaddresses: getaddrinfo failed: nodename nor servname provided, or not known /Applications/XAMPP/xamppfiles/htdocs/yii/Application/Home/Controller/IndexController.class.php 第 37 行.
NOTIC: [2] file_get_contents(http://www.xcsoft.cn/Public//images/success.png): failed to open stream: php_network_getaddresses: getaddrinfo failed: nodename nor servname provided, or not known /Applications/XAMPP/xamppfiles/htdocs/yii/Application/Home/Controller/IndexController.class.php 第 37 行.
NOTIC: [2] imagecreatefromstring(): Empty string or invalid image /Applications/XAMPP/xamppfiles/htdocs/yii/Application/Home/Controller/IndexController.class.php 第 37 行.
NOTIC: [2] imagesx() expects parameter 1 to be resource, boolean given /Applications/XAMPP/xamppfiles/htdocs/yii/Application/Home/Controller/IndexController.class.php 第 40 行.
NOTIC: [2] imagesy() expects parameter 1 to be resource, boolean given /Applications/XAMPP/xamppfiles/htdocs/yii/Application/Home/Controller/IndexController.class.php 第 41 行.
NOTIC: [2] Division by zero /Applications/XAMPP/xamppfiles/htdocs/yii/Application/Home/Controller/IndexController.class.php 第 44 行.
NOTIC: [2] imagecopyresampled() expects parameter 2 to be resource, boolean given /Applications/XAMPP/xamppfiles/htdocs/yii/Application/Home/Controller/IndexController.class.php 第 46 行.
INFO: [ app_end ] --START--
INFO: Run Behavior\ShowPageTraceBehavior [ RunTime:0.000376s ]
INFO: [ app_end ] --END-- [ RunTime:0.000414s ]
NOTIC: [8] Constant RUNTIME_PATH already defined /Applications/XAMPP/xamppfiles/htdocs/yii/index.php 第 30 行.

[ 2016-01-30T14:11:17+08:00 ] 127.0.0.1 /index.php/Home/Index/qrcode1?text=http://wxshop.youngwang.net&size=4&level=L&padding=2&logo=http://www.xcsoft.cn/Public//images/success.png
INFO: [ app_init ] --START--
INFO: Run Behavior\BuildLiteBehavior [ RunTime:0.000025s ]
INFO: [ app_init ] --END-- [ RunTime:0.000463s ]
INFO: [ app_begin ] --START--
INFO: Run Behavior\ReadHtmlCacheBehavior [ RunTime:0.000777s ]
INFO: [ app_begin ] --END-- [ RunTime:0.000939s ]
NOTIC: [8] Undefined variable: GET /Applications/XAMPP/xamppfiles/htdocs/yii/Application/Home/Controller/IndexController.class.php 第 29 行.
NOTIC: [8] Use of undefined constant __IMAGE__ - assumed '__IMAGE__' /Applications/XAMPP/xamppfiles/htdocs/yii/Application/Home/Controller/IndexController.class.php 第 30 行.
NOTIC: [2] file_get_contents(): php_network_getaddresses: getaddrinfo failed: nodename nor servname provided, or not known /Applications/XAMPP/xamppfiles/htdocs/yii/Application/Home/Controller/IndexController.class.php 第 37 行.
NOTIC: [2] file_get_contents(http://www.xcsoft.cn/Public//images/success.png): failed to open stream: php_network_getaddresses: getaddrinfo failed: nodename nor servname provided, or not known /Applications/XAMPP/xamppfiles/htdocs/yii/Application/Home/Controller/IndexController.class.php 第 37 行.
NOTIC: [2] imagecreatefromstring(): Empty string or invalid image /Applications/XAMPP/xamppfiles/htdocs/yii/Application/Home/Controller/IndexController.class.php 第 37 行.
NOTIC: [2] imagesx() expects parameter 1 to be resource, boolean given /Applications/XAMPP/xamppfiles/htdocs/yii/Application/Home/Controller/IndexController.class.php 第 40 行.
NOTIC: [2] imagesy() expects parameter 1 to be resource, boolean given /Applications/XAMPP/xamppfiles/htdocs/yii/Application/Home/Controller/IndexController.class.php 第 41 行.
NOTIC: [2] Division by zero /Applications/XAMPP/xamppfiles/htdocs/yii/Application/Home/Controller/IndexController.class.php 第 44 行.
NOTIC: [2] imagecopyresampled() expects parameter 2 to be resource, boolean given /Applications/XAMPP/xamppfiles/htdocs/yii/Application/Home/Controller/IndexController.class.php 第 46 行.
INFO: [ app_end ] --START--
INFO: Run Behavior\ShowPageTraceBehavior [ RunTime:0.000462s ]
INFO: [ app_end ] --END-- [ RunTime:0.000502s ]
NOTIC: [8] Constant RUNTIME_PATH already defined /Applications/XAMPP/xamppfiles/htdocs/yii/index.php 第 30 行.

[ 2016-01-30T14:11:18+08:00 ] 127.0.0.1 /index.php/Home/Index/qrcode1?text=http://wxshop.youngwang.net&size=4&level=L&padding=2&logo=http://www.xcsoft.cn/Public//images/success.png
INFO: [ app_init ] --START--
INFO: Run Behavior\BuildLiteBehavior [ RunTime:0.000009s ]
INFO: [ app_init ] --END-- [ RunTime:0.000208s ]
INFO: [ app_begin ] --START--
INFO: Run Behavior\ReadHtmlCacheBehavior [ RunTime:0.000297s ]
INFO: [ app_begin ] --END-- [ RunTime:0.000338s ]
NOTIC: [8] Undefined variable: GET /Applications/XAMPP/xamppfiles/htdocs/yii/Application/Home/Controller/IndexController.class.php 第 29 行.
NOTIC: [8] Use of undefined constant __IMAGE__ - assumed '__IMAGE__' /Applications/XAMPP/xamppfiles/htdocs/yii/Application/Home/Controller/IndexController.class.php 第 30 行.
NOTIC: [2] file_get_contents(): php_network_getaddresses: getaddrinfo failed: nodename nor servname provided, or not known /Applications/XAMPP/xamppfiles/htdocs/yii/Application/Home/Controller/IndexController.class.php 第 37 行.
NOTIC: [2] file_get_contents(http://www.xcsoft.cn/Public//images/success.png): failed to open stream: php_network_getaddresses: getaddrinfo failed: nodename nor servname provided, or not known /Applications/XAMPP/xamppfiles/htdocs/yii/Application/Home/Controller/IndexController.class.php 第 37 行.
NOTIC: [2] imagecreatefromstring(): Empty string or invalid image /Applications/XAMPP/xamppfiles/htdocs/yii/Application/Home/Controller/IndexController.class.php 第 37 行.
NOTIC: [2] imagesx() expects parameter 1 to be resource, boolean given /Applications/XAMPP/xamppfiles/htdocs/yii/Application/Home/Controller/IndexController.class.php 第 40 行.
NOTIC: [2] imagesy() expects parameter 1 to be resource, boolean given /Applications/XAMPP/xamppfiles/htdocs/yii/Application/Home/Controller/IndexController.class.php 第 41 行.
NOTIC: [2] Division by zero /Applications/XAMPP/xamppfiles/htdocs/yii/Application/Home/Controller/IndexController.class.php 第 44 行.
NOTIC: [2] imagecopyresampled() expects parameter 2 to be resource, boolean given /Applications/XAMPP/xamppfiles/htdocs/yii/Application/Home/Controller/IndexController.class.php 第 46 行.
INFO: [ app_end ] --START--
INFO: Run Behavior\ShowPageTraceBehavior [ RunTime:0.000575s ]
INFO: [ app_end ] --END-- [ RunTime:0.000660s ]
NOTIC: [8] Constant RUNTIME_PATH already defined /Applications/XAMPP/xamppfiles/htdocs/yii/index.php 第 30 行.

[ 2016-01-30T14:11:21+08:00 ] 127.0.0.1 /index.php/Home/Index/qrcode1?text=http://wxshop.youngwang.net&size=4&level=L&padding=2&logo=http://www.xcsoft.cn/Public//images/success.png
INFO: [ app_init ] --START--
INFO: Run Behavior\BuildLiteBehavior [ RunTime:0.000010s ]
INFO: [ app_init ] --END-- [ RunTime:0.000208s ]
INFO: [ app_begin ] --START--
INFO: Run Behavior\ReadHtmlCacheBehavior [ RunTime:0.000334s ]
INFO: [ app_begin ] --END-- [ RunTime:0.000369s ]
NOTIC: [8] Undefined variable: GET /Applications/XAMPP/xamppfiles/htdocs/yii/Application/Home/Controller/IndexController.class.php 第 29 行.
NOTIC: [8] Use of undefined constant __IMAGE__ - assumed '__IMAGE__' /Applications/XAMPP/xamppfiles/htdocs/yii/Application/Home/Controller/IndexController.class.php 第 30 行.
INFO: [ app_end ] --START--
INFO: Run Behavior\ShowPageTraceBehavior [ RunTime:0.000403s ]
INFO: [ app_end ] --END-- [ RunTime:0.000460s ]
NOTIC: [8] Constant RUNTIME_PATH already defined /Applications/XAMPP/xamppfiles/htdocs/yii/index.php 第 30 行.

[ 2016-01-30T14:11:32+08:00 ] 127.0.0.1 /index.php/Home/Index/qrcode1?text=http://wxshop.youngwang.net&size=4&level=L&padding=2&logo=http://www.xcsoft.cn/Public//images/success.png
INFO: [ app_init ] --START--
INFO: Run Behavior\BuildLiteBehavior [ RunTime:0.000014s ]
INFO: [ app_init ] --END-- [ RunTime:0.000316s ]
INFO: [ app_begin ] --START--
INFO: Run Behavior\ReadHtmlCacheBehavior [ RunTime:0.000364s ]
INFO: [ app_begin ] --END-- [ RunTime:0.000409s ]
NOTIC: [8] Undefined variable: GET /Applications/XAMPP/xamppfiles/htdocs/yii/Application/Home/Controller/IndexController.class.php 第 29 行.
NOTIC: [8] Use of undefined constant __IMAGE__ - assumed '__IMAGE__' /Applications/XAMPP/xamppfiles/htdocs/yii/Application/Home/Controller/IndexController.class.php 第 30 行.
INFO: [ app_end ] --START--
INFO: Run Behavior\ShowPageTraceBehavior [ RunTime:0.000406s ]
INFO: [ app_end ] --END-- [ RunTime:0.000465s ]
NOTIC: [8] Constant RUNTIME_PATH already defined /Applications/XAMPP/xamppfiles/htdocs/yii/index.php 第 30 行.

[ 2016-01-30T14:11:34+08:00 ] 127.0.0.1 /index.php/Home/Index/qrcode1?text=http://wxshop.youngwang.net&size=4&level=L&padding=2&logo=http://www.xcsoft.cn/Public//images/success.png
INFO: [ app_init ] --START--
INFO: Run Behavior\BuildLiteBehavior [ RunTime:0.000010s ]
INFO: [ app_init ] --END-- [ RunTime:0.000209s ]
INFO: [ app_begin ] --START--
INFO: Run Behavior\ReadHtmlCacheBehavior [ RunTime:0.000276s ]
INFO: [ app_begin ] --END-- [ RunTime:0.000305s ]
NOTIC: [8] Undefined variable: GET /Applications/XAMPP/xamppfiles/htdocs/yii/Application/Home/Controller/IndexController.class.php 第 29 行.
NOTIC: [8] Use of undefined constant __IMAGE__ - assumed '__IMAGE__' /Applications/XAMPP/xamppfiles/htdocs/yii/Application/Home/Controller/IndexController.class.php 第 30 行.
INFO: [ app_end ] --START--
INFO: Run Behavior\ShowPageTraceBehavior [ RunTime:0.000397s ]
INFO: [ app_end ] --END-- [ RunTime:0.000453s ]
NOTIC: [8] Constant RUNTIME_PATH already defined /Applications/XAMPP/xamppfiles/htdocs/yii/index.php 第 30 行.

[ 2016-01-30T14:19:32+08:00 ] 127.0.0.1 /index.php/Home/Index/qrcode1?text=http://wxshop.youngwang.net&size=4&level=L&padding=2&logo=http://www.xcsoft.cn/Public//images/success.png
INFO: [ app_init ] --START--
INFO: Run Behavior\BuildLiteBehavior [ RunTime:0.000016s ]
INFO: [ app_init ] --END-- [ RunTime:0.000348s ]
INFO: [ app_begin ] --START--
INFO: Run Behavior\ReadHtmlCacheBehavior [ RunTime:0.000408s ]
INFO: [ app_begin ] --END-- [ RunTime:0.000455s ]
NOTIC: [8] Undefined variable: GET /Applications/XAMPP/xamppfiles/htdocs/yii/Application/Home/Controller/IndexController.class.php 第 29 行.
NOTIC: [8] Use of undefined constant __IMAGE__ - assumed '__IMAGE__' /Applications/XAMPP/xamppfiles/htdocs/yii/Application/Home/Controller/IndexController.class.php 第 30 行.
INFO: [ app_end ] --START--
INFO: Run Behavior\ShowPageTraceBehavior [ RunTime:0.000603s ]
INFO: [ app_end ] --END-- [ RunTime:0.000682s ]
NOTIC: [8] Constant RUNTIME_PATH already defined /Applications/XAMPP/xamppfiles/htdocs/yii/index.php 第 30 行.

[ 2016-01-30T14:20:02+08:00 ] 127.0.0.1 /index.php/Home/Index/qrcode1?text=http://wxshop.youngwang.net&size=4&level=L&padding=2&logo=http://www.xcsoft.cn/Public//images/success.png
INFO: [ app_init ] --START--
INFO: Run Behavior\BuildLiteBehavior [ RunTime:0.000027s ]
INFO: [ app_init ] --END-- [ RunTime:0.000506s ]
INFO: [ app_begin ] --START--
INFO: Run Behavior\ReadHtmlCacheBehavior [ RunTime:0.000394s ]
INFO: [ app_begin ] --END-- [ RunTime:0.000449s ]
NOTIC: [8] Undefined variable: GET /Applications/XAMPP/xamppfiles/htdocs/yii/Application/Home/Controller/IndexController.class.php 第 29 行.
NOTIC: [8] Use of undefined constant __IMAGE__ - assumed '__IMAGE__' /Applications/XAMPP/xamppfiles/htdocs/yii/Application/Home/Controller/IndexController.class.php 第 30 行.
INFO: [ app_end ] --START--
INFO: Run Behavior\ShowPageTraceBehavior [ RunTime:0.000596s ]
INFO: [ app_end ] --END-- [ RunTime:0.000662s ]
NOTIC: [8] Constant RUNTIME_PATH already defined /Applications/XAMPP/xamppfiles/htdocs/yii/index.php 第 30 行.

