[ 2015-10-31T22:00:29+08:00 ] 127.0.0.1 /images/searchbtn.png
INFO: [ app_init ] --START--
INFO: Run Behavior\BuildLiteBehavior [ RunTime:0.000020s ]
INFO: [ app_init ] --END-- [ RunTime:0.000639s ]
ERR: 无法加载模块:Images

[ 2015-10-31T22:00:29+08:00 ] 127.0.0.1 /upload/2015060311554843.jpg
INFO: [ app_init ] --START--
INFO: Run Behavior\BuildLiteBehavior [ RunTime:0.000015s ]
INFO: [ app_init ] --END-- [ RunTime:0.000347s ]
ERR: 无法加载模块:Upload

[ 2015-10-31T22:00:29+08:00 ] 127.0.0.1 /upload/201506131726339256.png
INFO: [ app_init ] --START--
INFO: Run Behavior\BuildLiteBehavior [ RunTime:0.000011s ]
INFO: [ app_init ] --END-- [ RunTime:0.000220s ]
ERR: 无法加载模块:Upload

[ 2015-10-31T22:00:29+08:00 ] 127.0.0.1 /upload/201506131749484222.png
INFO: [ app_init ] --START--
INFO: Run Behavior\BuildLiteBehavior [ RunTime:0.000015s ]
INFO: [ app_init ] --END-- [ RunTime:0.000314s ]
ERR: 无法加载模块:Upload

[ 2015-10-31T22:00:29+08:00 ] 127.0.0.1 /upload/201506222208577192.jpg
INFO: [ app_init ] --START--
INFO: Run Behavior\BuildLiteBehavior [ RunTime:0.000013s ]
INFO: [ app_init ] --END-- [ RunTime:0.000214s ]
ERR: 无法加载模块:Upload

[ 2015-10-31T22:00:29+08:00 ] 127.0.0.1 /upload/201507020801438701.jpg
INFO: [ app_init ] --START--
INFO: Run Behavior\BuildLiteBehavior [ RunTime:0.000015s ]
INFO: [ app_init ] --END-- [ RunTime:0.000263s ]
ERR: 无法加载模块:Upload

[ 2015-10-31T22:00:29+08:00 ] 127.0.0.1 /upload/201507262102342010.png
INFO: [ app_init ] --START--
INFO: Run Behavior\BuildLiteBehavior [ RunTime:0.000010s ]
INFO: [ app_init ] --END-- [ RunTime:0.000212s ]
ERR: 无法加载模块:Upload

[ 2015-10-31T22:00:29+08:00 ] 127.0.0.1 /upload/201507262126198301.png
INFO: [ app_init ] --START--
INFO: Run Behavior\BuildLiteBehavior [ RunTime:0.000028s ]
INFO: [ app_init ] --END-- [ RunTime:0.000626s ]
ERR: 无法加载模块:Upload

[ 2015-10-31T22:00:29+08:00 ] 127.0.0.1 /upload/20150726213937395.png
INFO: [ app_init ] --START--
INFO: Run Behavior\BuildLiteBehavior [ RunTime:0.000036s ]
INFO: [ app_init ] --END-- [ RunTime:0.000452s ]
ERR: 无法加载模块:Upload

[ 2015-10-31T22:00:29+08:00 ] 127.0.0.1 /upload/201508072156372554.png
INFO: [ app_init ] --START--
INFO: Run Behavior\BuildLiteBehavior [ RunTime:0.000010s ]
INFO: [ app_init ] --END-- [ RunTime:0.000195s ]
ERR: 无法加载模块:Upload

[ 2015-10-31T22:00:29+08:00 ] 127.0.0.1 /upload/201508072235471099.png
INFO: [ app_init ] --START--
INFO: Run Behavior\BuildLiteBehavior [ RunTime:0.000011s ]
INFO: [ app_init ] --END-- [ RunTime:0.000207s ]
ERR: 无法加载模块:Upload

[ 2015-10-31T22:00:29+08:00 ] 127.0.0.1 /upload/20150807225150181.png
INFO: [ app_init ] --START--
INFO: Run Behavior\BuildLiteBehavior [ RunTime:0.000011s ]
INFO: [ app_init ] --END-- [ RunTime:0.000202s ]
ERR: 无法加载模块:Upload

[ 2015-10-31T22:00:29+08:00 ] 127.0.0.1 /upload/201508072258238999.png
INFO: [ app_init ] --START--
INFO: Run Behavior\BuildLiteBehavior [ RunTime:0.000011s ]
INFO: [ app_init ] --END-- [ RunTime:0.000300s ]
ERR: 无法加载模块:Upload

[ 2015-10-31T22:00:29+08:00 ] 127.0.0.1 /upload/201508072308307350.png
INFO: [ app_init ] --START--
INFO: Run Behavior\BuildLiteBehavior [ RunTime:0.000010s ]
INFO: [ app_init ] --END-- [ RunTime:0.000195s ]
ERR: 无法加载模块:Upload

[ 2015-10-31T22:00:29+08:00 ] 127.0.0.1 /upload/2015060311554843.jpg
INFO: [ app_init ] --START--
INFO: Run Behavior\BuildLiteBehavior [ RunTime:0.000010s ]
INFO: [ app_init ] --END-- [ RunTime:0.000192s ]
ERR: 无法加载模块:Upload

[ 2015-10-31T22:00:29+08:00 ] 127.0.0.1 /upload/201506091935536802.png
INFO: [ app_init ] --START--
INFO: Run Behavior\BuildLiteBehavior [ RunTime:0.000010s ]
INFO: [ app_init ] --END-- [ RunTime:0.000190s ]
ERR: 无法加载模块:Upload

[ 2015-10-31T22:00:29+08:00 ] 127.0.0.1 /upload/201506131705002662.png
INFO: [ app_init ] --START--
INFO: Run Behavior\BuildLiteBehavior [ RunTime:0.000022s ]
INFO: [ app_init ] --END-- [ RunTime:0.000369s ]
ERR: 无法加载模块:Upload

[ 2015-10-31T22:00:29+08:00 ] 127.0.0.1 /upload/201506131712515733.png
INFO: [ app_init ] --START--
INFO: Run Behavior\BuildLiteBehavior [ RunTime:0.000041s ]
INFO: [ app_init ] --END-- [ RunTime:0.000723s ]
ERR: 无法加载模块:Upload

[ 2015-10-31T22:00:29+08:00 ] 127.0.0.1 /upload/201506131726339256.png
INFO: [ app_init ] --START--
INFO: Run Behavior\BuildLiteBehavior [ RunTime:0.000010s ]
INFO: [ app_init ] --END-- [ RunTime:0.000189s ]
ERR: 无法加载模块:Upload

[ 2015-10-31T22:00:29+08:00 ] 127.0.0.1 /upload/201506131749484222.png
INFO: [ app_init ] --START--
INFO: Run Behavior\BuildLiteBehavior [ RunTime:0.000023s ]
INFO: [ app_init ] --END-- [ RunTime:0.000428s ]
ERR: 无法加载模块:Upload

[ 2015-10-31T22:00:29+08:00 ] 127.0.0.1 /upload/201506222208577192.jpg
INFO: [ app_init ] --START--
INFO: Run Behavior\BuildLiteBehavior [ RunTime:0.000025s ]
INFO: [ app_init ] --END-- [ RunTime:0.000432s ]
ERR: 无法加载模块:Upload

[ 2015-10-31T22:00:29+08:00 ] 127.0.0.1 /upload/201507020801438701.jpg
INFO: [ app_init ] --START--
INFO: Run Behavior\BuildLiteBehavior [ RunTime:0.000035s ]
INFO: [ app_init ] --END-- [ RunTime:0.000470s ]
ERR: 无法加载模块:Upload

[ 2015-10-31T22:00:29+08:00 ] 127.0.0.1 /upload/201507262102342010.png
INFO: [ app_init ] --START--
INFO: Run Behavior\BuildLiteBehavior [ RunTime:0.000017s ]
INFO: [ app_init ] --END-- [ RunTime:0.000322s ]
ERR: 无法加载模块:Upload

[ 2015-10-31T22:00:29+08:00 ] 127.0.0.1 /upload/201507262126198301.png
INFO: [ app_init ] --START--
INFO: Run Behavior\BuildLiteBehavior [ RunTime:0.000010s ]
INFO: [ app_init ] --END-- [ RunTime:0.000188s ]
ERR: 无法加载模块:Upload

[ 2015-10-31T22:00:29+08:00 ] 127.0.0.1 /upload/20150726213937395.png
INFO: [ app_init ] --START--
INFO: Run Behavior\BuildLiteBehavior [ RunTime:0.000033s ]
INFO: [ app_init ] --END-- [ RunTime:0.000827s ]
ERR: 无法加载模块:Upload

[ 2015-10-31T22:00:29+08:00 ] 127.0.0.1 /upload/20150808004935684.png
INFO: [ app_init ] --START--
INFO: Run Behavior\BuildLiteBehavior [ RunTime:0.000054s ]
INFO: [ app_init ] --END-- [ RunTime:0.000768s ]
ERR: 无法加载模块:Upload

[ 2015-10-31T22:00:29+08:00 ] 127.0.0.1 /upload/201508080053229734.png
INFO: [ app_init ] --START--
INFO: Run Behavior\BuildLiteBehavior [ RunTime:0.000183s ]
INFO: [ app_init ] --END-- [ RunTime:0.000587s ]
ERR: 无法加载模块:Upload

[ 2015-10-31T22:00:29+08:00 ] 127.0.0.1 /upload/201508080059267703.png
INFO: [ app_init ] --START--
INFO: Run Behavior\BuildLiteBehavior [ RunTime:0.000010s ]
INFO: [ app_init ] --END-- [ RunTime:0.000188s ]
ERR: 无法加载模块:Upload

[ 2015-10-31T22:00:29+08:00 ] 127.0.0.1 /upload/201508100040447035.png
INFO: [ app_init ] --START--
INFO: Run Behavior\BuildLiteBehavior [ RunTime:0.000009s ]
INFO: [ app_init ] --END-- [ RunTime:0.000200s ]
ERR: 无法加载模块:Upload

[ 2015-10-31T22:00:29+08:00 ] 127.0.0.1 /upload/201508100036067534.png
INFO: [ app_init ] --START--
INFO: Run Behavior\BuildLiteBehavior [ RunTime:0.000045s ]
INFO: [ app_init ] --END-- [ RunTime:0.000878s ]
ERR: 无法加载模块:Upload

[ 2015-10-31T22:00:29+08:00 ] 127.0.0.1 /upload/201508101830169221.png
INFO: [ app_init ] --START--
INFO: Run Behavior\BuildLiteBehavior [ RunTime:0.000009s ]
INFO: [ app_init ] --END-- [ RunTime:0.000206s ]
ERR: 无法加载模块:Upload

[ 2015-10-31T22:00:29+08:00 ] 127.0.0.1 /upload/201508132038548715.png
INFO: [ app_init ] --START--
INFO: Run Behavior\BuildLiteBehavior [ RunTime:0.000009s ]
INFO: [ app_init ] --END-- [ RunTime:0.000186s ]
ERR: 无法加载模块:Upload

[ 2015-10-31T22:00:29+08:00 ] 127.0.0.1 /upload/201508140032109392.png
INFO: [ app_init ] --START--
INFO: Run Behavior\BuildLiteBehavior [ RunTime:0.000011s ]
INFO: [ app_init ] --END-- [ RunTime:0.000194s ]
ERR: 无法加载模块:Upload

[ 2015-10-31T22:00:29+08:00 ] 127.0.0.1 /upload/201508161644448753.png
INFO: [ app_init ] --START--
INFO: Run Behavior\BuildLiteBehavior [ RunTime:0.000012s ]
INFO: [ app_init ] --END-- [ RunTime:0.000306s ]
ERR: 无法加载模块:Upload

[ 2015-10-31T22:00:29+08:00 ] 127.0.0.1 /upload/201508161717111879.png
INFO: [ app_init ] --START--
INFO: Run Behavior\BuildLiteBehavior [ RunTime:0.000040s ]
INFO: [ app_init ] --END-- [ RunTime:0.000802s ]
ERR: 无法加载模块:Upload

[ 2015-10-31T22:00:29+08:00 ] 127.0.0.1 /upload/201508161743386452.png
INFO: [ app_init ] --START--
INFO: Run Behavior\BuildLiteBehavior [ RunTime:0.000013s ]
INFO: [ app_init ] --END-- [ RunTime:0.000304s ]
ERR: 无法加载模块:Upload

[ 2015-10-31T22:00:29+08:00 ] 127.0.0.1 /upload/201508161831072015.png
INFO: [ app_init ] --START--
INFO: Run Behavior\BuildLiteBehavior [ RunTime:0.000041s ]
INFO: [ app_init ] --END-- [ RunTime:0.000881s ]
ERR: 无法加载模块:Upload

[ 2015-10-31T22:00:29+08:00 ] 127.0.0.1 /upload/201508171253073703.png
INFO: [ app_init ] --START--
INFO: Run Behavior\BuildLiteBehavior [ RunTime:0.000085s ]
INFO: [ app_init ] --END-- [ RunTime:0.001806s ]
ERR: 无法加载模块:Upload

[ 2015-10-31T22:00:29+08:00 ] 127.0.0.1 /upload/201508171302472817.png
INFO: [ app_init ] --START--
INFO: Run Behavior\BuildLiteBehavior [ RunTime:0.000014s ]
INFO: [ app_init ] --END-- [ RunTime:0.000274s ]
ERR: 无法加载模块:Upload

[ 2015-10-31T22:00:29+08:00 ] 127.0.0.1 /upload/201508220348509895.png
INFO: [ app_init ] --START--
INFO: Run Behavior\BuildLiteBehavior [ RunTime:0.000012s ]
INFO: [ app_init ] --END-- [ RunTime:0.000290s ]
ERR: 无法加载模块:Upload

[ 2015-10-31T22:00:29+08:00 ] 127.0.0.1 /upload/201508220349241806.png
INFO: [ app_init ] --START--
INFO: Run Behavior\BuildLiteBehavior [ RunTime:0.000011s ]
INFO: [ app_init ] --END-- [ RunTime:0.000200s ]
ERR: 无法加载模块:Upload

[ 2015-10-31T22:00:29+08:00 ] 127.0.0.1 /upload/201508220413539750.png
INFO: [ app_init ] --START--
INFO: Run Behavior\BuildLiteBehavior [ RunTime:0.000011s ]
INFO: [ app_init ] --END-- [ RunTime:0.000206s ]
ERR: 无法加载模块:Upload

[ 2015-10-31T22:00:29+08:00 ] 127.0.0.1 /upload/201508232334114337.png
INFO: [ app_init ] --START--
INFO: Run Behavior\BuildLiteBehavior [ RunTime:0.000010s ]
INFO: [ app_init ] --END-- [ RunTime:0.000211s ]
ERR: 无法加载模块:Upload

[ 2015-10-31T22:00:29+08:00 ] 127.0.0.1 /upload/201508240250203230.jpg
INFO: [ app_init ] --START--
INFO: Run Behavior\BuildLiteBehavior [ RunTime:0.000032s ]
INFO: [ app_init ] --END-- [ RunTime:0.000419s ]
ERR: 无法加载模块:Upload

[ 2015-10-31T22:00:29+08:00 ] 127.0.0.1 /upload/201508270011395691.png
INFO: [ app_init ] --START--
INFO: Run Behavior\BuildLiteBehavior [ RunTime:0.000023s ]
INFO: [ app_init ] --END-- [ RunTime:0.001167s ]
ERR: 无法加载模块:Upload

[ 2015-10-31T22:00:29+08:00 ] 127.0.0.1 /upload/201508272315585315.png
INFO: [ app_init ] --START--
INFO: Run Behavior\BuildLiteBehavior [ RunTime:0.000011s ]
INFO: [ app_init ] --END-- [ RunTime:0.000219s ]
ERR: 无法加载模块:Upload

[ 2015-10-31T22:00:29+08:00 ] 127.0.0.1 /upload/201508272311196165.png
INFO: [ app_init ] --START--
INFO: Run Behavior\BuildLiteBehavior [ RunTime:0.000060s ]
INFO: [ app_init ] --END-- [ RunTime:0.000856s ]
ERR: 无法加载模块:Upload

[ 2015-10-31T22:00:29+08:00 ] 127.0.0.1 /upload/20150831013152987.jpg
INFO: [ app_init ] --START--
INFO: Run Behavior\BuildLiteBehavior [ RunTime:0.000010s ]
INFO: [ app_init ] --END-- [ RunTime:0.000198s ]
ERR: 无法加载模块:Upload

[ 2015-10-31T22:00:29+08:00 ] 127.0.0.1 /upload/201509010204318463.png
INFO: [ app_init ] --START--
INFO: Run Behavior\BuildLiteBehavior [ RunTime:0.000014s ]
INFO: [ app_init ] --END-- [ RunTime:0.000323s ]
ERR: 无法加载模块:Upload

[ 2015-10-31T22:00:29+08:00 ] 127.0.0.1 /upload/20150908182701450.png
INFO: [ app_init ] --START--
INFO: Run Behavior\BuildLiteBehavior [ RunTime:0.000010s ]
INFO: [ app_init ] --END-- [ RunTime:0.000198s ]
ERR: 无法加载模块:Upload

[ 2015-10-31T22:00:29+08:00 ] 127.0.0.1 /upload/201509110123108137.jpg
INFO: [ app_init ] --START--
INFO: Run Behavior\BuildLiteBehavior [ RunTime:0.000010s ]
INFO: [ app_init ] --END-- [ RunTime:0.000196s ]
ERR: 无法加载模块:Upload

[ 2015-10-31T22:00:29+08:00 ] 127.0.0.1 /upload/201509110146247893.png
INFO: [ app_init ] --START--
INFO: Run Behavior\BuildLiteBehavior [ RunTime:0.000019s ]
INFO: [ app_init ] --END-- [ RunTime:0.000539s ]
ERR: 无法加载模块:Upload

[ 2015-10-31T22:00:29+08:00 ] 127.0.0.1 /upload/201509110154014592.png
INFO: [ app_init ] --START--
INFO: Run Behavior\BuildLiteBehavior [ RunTime:0.000042s ]
INFO: [ app_init ] --END-- [ RunTime:0.000638s ]
ERR: 无法加载模块:Upload

[ 2015-10-31T22:00:29+08:00 ] 127.0.0.1 /upload/201509110203482257.jpg
INFO: [ app_init ] --START--
INFO: Run Behavior\BuildLiteBehavior [ RunTime:0.000011s ]
INFO: [ app_init ] --END-- [ RunTime:0.000290s ]
ERR: 无法加载模块:Upload

[ 2015-10-31T22:00:30+08:00 ] 127.0.0.1 /upload/201509150217558677.png
INFO: [ app_init ] --START--
INFO: Run Behavior\BuildLiteBehavior [ RunTime:0.000014s ]
INFO: [ app_init ] --END-- [ RunTime:0.000305s ]
ERR: 无法加载模块:Upload

[ 2015-10-31T22:00:30+08:00 ] 127.0.0.1 /upload/201509150249299614.png
INFO: [ app_init ] --START--
INFO: Run Behavior\BuildLiteBehavior [ RunTime:0.000012s ]
INFO: [ app_init ] --END-- [ RunTime:0.000312s ]
ERR: 无法加载模块:Upload

[ 2015-10-31T22:00:30+08:00 ] 127.0.0.1 /upload/201509150306081585.png
INFO: [ app_init ] --START--
INFO: Run Behavior\BuildLiteBehavior [ RunTime:0.000009s ]
INFO: [ app_init ] --END-- [ RunTime:0.000252s ]
ERR: 无法加载模块:Upload

[ 2015-10-31T22:00:30+08:00 ] 127.0.0.1 /upload/201509150306108975.png
INFO: [ app_init ] --START--
INFO: Run Behavior\BuildLiteBehavior [ RunTime:0.000016s ]
INFO: [ app_init ] --END-- [ RunTime:0.000337s ]
ERR: 无法加载模块:Upload

[ 2015-10-31T22:00:30+08:00 ] 127.0.0.1 /upload/201509150320297974.png
INFO: [ app_init ] --START--
INFO: Run Behavior\BuildLiteBehavior [ RunTime:0.000011s ]
INFO: [ app_init ] --END-- [ RunTime:0.000200s ]
ERR: 无法加载模块:Upload

[ 2015-10-31T22:00:30+08:00 ] 127.0.0.1 /upload/201509150357561969.png
INFO: [ app_init ] --START--
INFO: Run Behavior\BuildLiteBehavior [ RunTime:0.000030s ]
INFO: [ app_init ] --END-- [ RunTime:0.000504s ]
ERR: 无法加载模块:Upload

[ 2015-10-31T22:00:30+08:00 ] 127.0.0.1 /upload/201509150413247089.png
INFO: [ app_init ] --START--
INFO: Run Behavior\BuildLiteBehavior [ RunTime:0.000035s ]
INFO: [ app_init ] --END-- [ RunTime:0.000999s ]
ERR: 无法加载模块:Upload

[ 2015-10-31T22:00:30+08:00 ] 127.0.0.1 /upload/20150915152432683.png
INFO: [ app_init ] --START--
INFO: Run Behavior\BuildLiteBehavior [ RunTime:0.000024s ]
INFO: [ app_init ] --END-- [ RunTime:0.000419s ]
ERR: 无法加载模块:Upload

[ 2015-10-31T22:00:30+08:00 ] 127.0.0.1 /upload/201509151542033654.png
INFO: [ app_init ] --START--
INFO: Run Behavior\BuildLiteBehavior [ RunTime:0.000021s ]
INFO: [ app_init ] --END-- [ RunTime:0.000454s ]
ERR: 无法加载模块:Upload

[ 2015-10-31T22:00:30+08:00 ] 127.0.0.1 /upload/20150915160913193.png
INFO: [ app_init ] --START--
INFO: Run Behavior\BuildLiteBehavior [ RunTime:0.000027s ]
INFO: [ app_init ] --END-- [ RunTime:0.000356s ]
ERR: 无法加载模块:Upload

[ 2015-10-31T22:00:30+08:00 ] 127.0.0.1 /upload/201509151628411674.png
INFO: [ app_init ] --START--
INFO: Run Behavior\BuildLiteBehavior [ RunTime:0.000010s ]
INFO: [ app_init ] --END-- [ RunTime:0.000212s ]
ERR: 无法加载模块:Upload

[ 2015-10-31T22:00:30+08:00 ] 127.0.0.1 /upload/201509151648533103.png
INFO: [ app_init ] --START--
INFO: Run Behavior\BuildLiteBehavior [ RunTime:0.000010s ]
INFO: [ app_init ] --END-- [ RunTime:0.000203s ]
ERR: 无法加载模块:Upload

[ 2015-10-31T22:00:30+08:00 ] 127.0.0.1 /upload/201509151657295901.png
INFO: [ app_init ] --START--
INFO: Run Behavior\BuildLiteBehavior [ RunTime:0.000027s ]
INFO: [ app_init ] --END-- [ RunTime:0.000384s ]
ERR: 无法加载模块:Upload

[ 2015-10-31T22:00:30+08:00 ] 127.0.0.1 /upload/201509151708429351.png
INFO: [ app_init ] --START--
INFO: Run Behavior\BuildLiteBehavior [ RunTime:0.000038s ]
INFO: [ app_init ] --END-- [ RunTime:0.000646s ]
ERR: 无法加载模块:Upload

[ 2015-10-31T22:00:30+08:00 ] 127.0.0.1 /upload/201509151720489755.png
INFO: [ app_init ] --START--
INFO: Run Behavior\BuildLiteBehavior [ RunTime:0.000034s ]
INFO: [ app_init ] --END-- [ RunTime:0.000608s ]
ERR: 无法加载模块:Upload

[ 2015-10-31T22:00:30+08:00 ] 127.0.0.1 /upload/20150915173724432.png
INFO: [ app_init ] --START--
INFO: Run Behavior\BuildLiteBehavior [ RunTime:0.000040s ]
INFO: [ app_init ] --END-- [ RunTime:0.000374s ]
ERR: 无法加载模块:Upload

[ 2015-10-31T22:00:30+08:00 ] 127.0.0.1 /upload/201509151927284279.png
INFO: [ app_init ] --START--
INFO: Run Behavior\BuildLiteBehavior [ RunTime:0.000015s ]
INFO: [ app_init ] --END-- [ RunTime:0.000424s ]
ERR: 无法加载模块:Upload

[ 2015-10-31T22:00:30+08:00 ] 127.0.0.1 /upload/201509170048501350.png
INFO: [ app_init ] --START--
INFO: Run Behavior\BuildLiteBehavior [ RunTime:0.000015s ]
INFO: [ app_init ] --END-- [ RunTime:0.000317s ]
ERR: 无法加载模块:Upload

[ 2015-10-31T22:00:30+08:00 ] 127.0.0.1 /upload/201509170102027060.png
INFO: [ app_init ] --START--
INFO: Run Behavior\BuildLiteBehavior [ RunTime:0.000010s ]
INFO: [ app_init ] --END-- [ RunTime:0.000211s ]
ERR: 无法加载模块:Upload

[ 2015-10-31T22:00:30+08:00 ] 127.0.0.1 /upload/20150917011813257.png
INFO: [ app_init ] --START--
INFO: Run Behavior\BuildLiteBehavior [ RunTime:0.000020s ]
INFO: [ app_init ] --END-- [ RunTime:0.000342s ]
ERR: 无法加载模块:Upload

[ 2015-10-31T22:00:30+08:00 ] 127.0.0.1 /images/jquery-1.4.js
INFO: [ app_init ] --START--
INFO: Run Behavior\BuildLiteBehavior [ RunTime:0.000015s ]
INFO: [ app_init ] --END-- [ RunTime:0.000361s ]
ERR: 无法加载模块:Images

[ 2015-10-31T22:00:30+08:00 ] 127.0.0.1 /upload/201509170204089289.png
INFO: [ app_init ] --START--
INFO: Run Behavior\BuildLiteBehavior [ RunTime:0.000022s ]
INFO: [ app_init ] --END-- [ RunTime:0.000352s ]
ERR: 无法加载模块:Upload

[ 2015-10-31T22:00:30+08:00 ] 127.0.0.1 /upload/201509170206164913.png
INFO: [ app_init ] --START--
INFO: Run Behavior\BuildLiteBehavior [ RunTime:0.000015s ]
INFO: [ app_init ] --END-- [ RunTime:0.000274s ]
ERR: 无法加载模块:Upload

[ 2015-10-31T22:00:30+08:00 ] 127.0.0.1 /upload/201509180332194311.png
INFO: [ app_init ] --START--
INFO: Run Behavior\BuildLiteBehavior [ RunTime:0.000010s ]
INFO: [ app_init ] --END-- [ RunTime:0.000186s ]
ERR: 无法加载模块:Upload

[ 2015-10-31T22:00:30+08:00 ] 127.0.0.1 /images/jquery-1.4.js
INFO: [ app_init ] --START--
INFO: Run Behavior\BuildLiteBehavior [ RunTime:0.000011s ]
INFO: [ app_init ] --END-- [ RunTime:0.000212s ]
ERR: 无法加载模块:Images

[ 2015-10-31T22:00:30+08:00 ] 127.0.0.1 /upload/201509180346168933.png
INFO: [ app_init ] --START--
INFO: Run Behavior\BuildLiteBehavior [ RunTime:0.000011s ]
INFO: [ app_init ] --END-- [ RunTime:0.000757s ]
ERR: 无法加载模块:Upload

[ 2015-10-31T22:00:30+08:00 ] 127.0.0.1 /upload/201509192343195382.png
INFO: [ app_init ] --START--
INFO: Run Behavior\BuildLiteBehavior [ RunTime:0.000083s ]
INFO: [ app_init ] --END-- [ RunTime:0.000529s ]
ERR: 无法加载模块:Upload

[ 2015-10-31T22:00:30+08:00 ] 127.0.0.1 /upload/201509211903299365.png
INFO: [ app_init ] --START--
INFO: Run Behavior\BuildLiteBehavior [ RunTime:0.000024s ]
INFO: [ app_init ] --END-- [ RunTime:0.000387s ]
ERR: 无法加载模块:Upload

[ 2015-10-31T22:00:30+08:00 ] 127.0.0.1 /upload/201509231532257225.png
INFO: [ app_init ] --START--
INFO: Run Behavior\BuildLiteBehavior [ RunTime:0.000029s ]
INFO: [ app_init ] --END-- [ RunTime:0.000761s ]
ERR: 无法加载模块:Upload

[ 2015-10-31T22:00:30+08:00 ] 127.0.0.1 /upload/201509231552423018.png
INFO: [ app_init ] --START--
INFO: Run Behavior\BuildLiteBehavior [ RunTime:0.000038s ]
INFO: [ app_init ] --END-- [ RunTime:0.000904s ]
ERR: 无法加载模块:Upload

[ 2015-10-31T22:00:30+08:00 ] 127.0.0.1 /upload/201509240215101193.png
INFO: [ app_init ] --START--
INFO: Run Behavior\BuildLiteBehavior [ RunTime:0.000012s ]
INFO: [ app_init ] --END-- [ RunTime:0.000388s ]
ERR: 无法加载模块:Upload

[ 2015-10-31T22:00:30+08:00 ] 127.0.0.1 /upload/20150924023916579.png
INFO: [ app_init ] --START--
INFO: Run Behavior\BuildLiteBehavior [ RunTime:0.000023s ]
INFO: [ app_init ] --END-- [ RunTime:0.000378s ]
ERR: 无法加载模块:Upload

[ 2015-10-31T22:00:30+08:00 ] 127.0.0.1 /upload/201509240248245190.png
INFO: [ app_init ] --START--
INFO: Run Behavior\BuildLiteBehavior [ RunTime:0.000009s ]
INFO: [ app_init ] --END-- [ RunTime:0.000193s ]
ERR: 无法加载模块:Upload

[ 2015-10-31T22:00:30+08:00 ] 127.0.0.1 /upload/201509262119525625.png
INFO: [ app_init ] --START--
INFO: Run Behavior\BuildLiteBehavior [ RunTime:0.000040s ]
INFO: [ app_init ] --END-- [ RunTime:0.001010s ]
ERR: 无法加载模块:Upload

[ 2015-10-31T22:00:30+08:00 ] 127.0.0.1 /upload/201509262126113555.png
INFO: [ app_init ] --START--
INFO: Run Behavior\BuildLiteBehavior [ RunTime:0.000011s ]
INFO: [ app_init ] --END-- [ RunTime:0.000209s ]
ERR: 无法加载模块:Upload

[ 2015-10-31T22:00:30+08:00 ] 127.0.0.1 /upload/201509300006451943.png
INFO: [ app_init ] --START--
INFO: Run Behavior\BuildLiteBehavior [ RunTime:0.000011s ]
INFO: [ app_init ] --END-- [ RunTime:0.000245s ]
ERR: 无法加载模块:Upload

[ 2015-10-31T22:00:30+08:00 ] 127.0.0.1 /upload/201509300029496095.png
INFO: [ app_init ] --START--
INFO: Run Behavior\BuildLiteBehavior [ RunTime:0.000014s ]
INFO: [ app_init ] --END-- [ RunTime:0.000293s ]
ERR: 无法加载模块:Upload

[ 2015-10-31T22:00:30+08:00 ] 127.0.0.1 /upload/201509300136333043.png
INFO: [ app_init ] --START--
INFO: Run Behavior\BuildLiteBehavior [ RunTime:0.000013s ]
INFO: [ app_init ] --END-- [ RunTime:0.000336s ]
ERR: 无法加载模块:Upload

[ 2015-10-31T22:00:30+08:00 ] 127.0.0.1 /upload/201509300209109388.png
INFO: [ app_init ] --START--
INFO: Run Behavior\BuildLiteBehavior [ RunTime:0.000010s ]
INFO: [ app_init ] --END-- [ RunTime:0.000199s ]
ERR: 无法加载模块:Upload

[ 2015-10-31T22:00:30+08:00 ] 127.0.0.1 /upload/201509300225069730.png
INFO: [ app_init ] --START--
INFO: Run Behavior\BuildLiteBehavior [ RunTime:0.000072s ]
INFO: [ app_init ] --END-- [ RunTime:0.001056s ]
ERR: 无法加载模块:Upload

[ 2015-10-31T22:00:30+08:00 ] 127.0.0.1 /upload/201509301445544548.png
INFO: [ app_init ] --START--
INFO: Run Behavior\BuildLiteBehavior [ RunTime:0.000019s ]
INFO: [ app_init ] --END-- [ RunTime:0.000416s ]
ERR: 无法加载模块:Upload

[ 2015-10-31T22:00:30+08:00 ] 127.0.0.1 /upload/201510022207151606.png
INFO: [ app_init ] --START--
INFO: Run Behavior\BuildLiteBehavior [ RunTime:0.000023s ]
INFO: [ app_init ] --END-- [ RunTime:0.000399s ]
ERR: 无法加载模块:Upload

[ 2015-10-31T22:00:30+08:00 ] 127.0.0.1 /upload/201510051756308866.png
INFO: [ app_init ] --START--
INFO: Run Behavior\BuildLiteBehavior [ RunTime:0.000018s ]
INFO: [ app_init ] --END-- [ RunTime:0.000391s ]
ERR: 无法加载模块:Upload

[ 2015-10-31T22:00:30+08:00 ] 127.0.0.1 /upload/201510051757123224.png
INFO: [ app_init ] --START--
INFO: Run Behavior\BuildLiteBehavior [ RunTime:0.000009s ]
INFO: [ app_init ] --END-- [ RunTime:0.000193s ]
ERR: 无法加载模块:Upload

[ 2015-10-31T22:00:30+08:00 ] 127.0.0.1 /upload/201510051758043989.png
INFO: [ app_init ] --START--
INFO: Run Behavior\BuildLiteBehavior [ RunTime:0.000009s ]
INFO: [ app_init ] --END-- [ RunTime:0.000251s ]
ERR: 无法加载模块:Upload

[ 2015-10-31T22:00:30+08:00 ] 127.0.0.1 /upload/201510051758569667.png
INFO: [ app_init ] --START--
INFO: Run Behavior\BuildLiteBehavior [ RunTime:0.000011s ]
INFO: [ app_init ] --END-- [ RunTime:0.000232s ]
ERR: 无法加载模块:Upload

[ 2015-10-31T22:00:30+08:00 ] 127.0.0.1 /upload/20151005180429871.png
INFO: [ app_init ] --START--
INFO: Run Behavior\BuildLiteBehavior [ RunTime:0.000011s ]
INFO: [ app_init ] --END-- [ RunTime:0.000216s ]
ERR: 无法加载模块:Upload

[ 2015-10-31T22:00:30+08:00 ] 127.0.0.1 /upload/201510090051323767.png
INFO: [ app_init ] --START--
INFO: Run Behavior\BuildLiteBehavior [ RunTime:0.000015s ]
INFO: [ app_init ] --END-- [ RunTime:0.000278s ]
ERR: 无法加载模块:Upload

[ 2015-10-31T22:00:30+08:00 ] 127.0.0.1 /upload/201510090103114582.png
INFO: [ app_init ] --START--
INFO: Run Behavior\BuildLiteBehavior [ RunTime:0.000009s ]
INFO: [ app_init ] --END-- [ RunTime:0.000183s ]
ERR: 无法加载模块:Upload

[ 2015-10-31T22:00:30+08:00 ] 127.0.0.1 /upload/201510090110079108.png
INFO: [ app_init ] --START--
INFO: Run Behavior\BuildLiteBehavior [ RunTime:0.000036s ]
INFO: [ app_init ] --END-- [ RunTime:0.000724s ]
ERR: 无法加载模块:Upload

[ 2015-10-31T22:00:30+08:00 ] 127.0.0.1 /upload/201509170109587967.png
INFO: [ app_init ] --START--
INFO: Run Behavior\BuildLiteBehavior [ RunTime:0.000023s ]
INFO: [ app_init ] --END-- [ RunTime:0.000528s ]
ERR: 无法加载模块:Upload

[ 2015-10-31T22:00:30+08:00 ] 127.0.0.1 /images/tg.gif
INFO: [ app_init ] --START--
INFO: Run Behavior\BuildLiteBehavior [ RunTime:0.000011s ]
INFO: [ app_init ] --END-- [ RunTime:0.000212s ]
ERR: 无法加载模块:Images

[ 2015-10-31T22:00:30+08:00 ] 127.0.0.1 /upload/201510090126478065.png
INFO: [ app_init ] --START--
INFO: Run Behavior\BuildLiteBehavior [ RunTime:0.000010s ]
INFO: [ app_init ] --END-- [ RunTime:0.000197s ]
ERR: 无法加载模块:Upload

[ 2015-10-31T22:00:30+08:00 ] 127.0.0.1 /upload/201508132136487754.png
INFO: [ app_init ] --START--
INFO: Run Behavior\BuildLiteBehavior [ RunTime:0.000010s ]
INFO: [ app_init ] --END-- [ RunTime:0.000205s ]
ERR: 无法加载模块:Upload

[ 2015-10-31T22:00:30+08:00 ] 127.0.0.1 /upload/201510150154148039.png
INFO: [ app_init ] --START--
INFO: Run Behavior\BuildLiteBehavior [ RunTime:0.000024s ]
INFO: [ app_init ] --END-- [ RunTime:0.000463s ]
ERR: 无法加载模块:Upload

[ 2015-10-31T22:00:30+08:00 ] 127.0.0.1 /upload/201510150222407825.png
INFO: [ app_init ] --START--
INFO: Run Behavior\BuildLiteBehavior [ RunTime:0.000039s ]
INFO: [ app_init ] --END-- [ RunTime:0.000596s ]
ERR: 无法加载模块:Upload

[ 2015-10-31T22:00:30+08:00 ] 127.0.0.1 /upload/20151015023144490.png
INFO: [ app_init ] --START--
INFO: Run Behavior\BuildLiteBehavior [ RunTime:0.000023s ]
INFO: [ app_init ] --END-- [ RunTime:0.000380s ]
ERR: 无法加载模块:Upload

[ 2015-10-31T22:00:30+08:00 ] 127.0.0.1 /upload/201510150233368141.png
INFO: [ app_init ] --START--
INFO: Run Behavior\BuildLiteBehavior [ RunTime:0.000012s ]
INFO: [ app_init ] --END-- [ RunTime:0.000295s ]
ERR: 无法加载模块:Upload

[ 2015-10-31T22:00:30+08:00 ] 127.0.0.1 /upload/201510150241334360.png
INFO: [ app_init ] --START--
INFO: Run Behavior\BuildLiteBehavior [ RunTime:0.000011s ]
INFO: [ app_init ] --END-- [ RunTime:0.000210s ]
ERR: 无法加载模块:Upload

[ 2015-10-31T22:00:30+08:00 ] 127.0.0.1 /upload/20151015025940403.png
INFO: [ app_init ] --START--
INFO: Run Behavior\BuildLiteBehavior [ RunTime:0.000009s ]
INFO: [ app_init ] --END-- [ RunTime:0.000187s ]
ERR: 无法加载模块:Upload

[ 2015-10-31T22:00:30+08:00 ] 127.0.0.1 /upload/201510182206101125.png
INFO: [ app_init ] --START--
INFO: Run Behavior\BuildLiteBehavior [ RunTime:0.000010s ]
INFO: [ app_init ] --END-- [ RunTime:0.000196s ]
ERR: 无法加载模块:Upload

[ 2015-10-31T22:00:30+08:00 ] 127.0.0.1 /upload/201510090114275570.png
INFO: [ app_init ] --START--
INFO: Run Behavior\BuildLiteBehavior [ RunTime:0.000012s ]
INFO: [ app_init ] --END-- [ RunTime:0.000268s ]
ERR: 无法加载模块:Upload

[ 2015-10-31T22:00:30+08:00 ] 127.0.0.1 /images/qq.gif
INFO: [ app_init ] --START--
INFO: Run Behavior\BuildLiteBehavior [ RunTime:0.000044s ]
INFO: [ app_init ] --END-- [ RunTime:0.000541s ]
ERR: 无法加载模块:Images

[ 2015-10-31T22:02:11+08:00 ] 127.0.0.1 /upload/201506131712515733.png
INFO: [ app_init ] --START--
INFO: Run Behavior\BuildLiteBehavior [ RunTime:0.000020s ]
INFO: [ app_init ] --END-- [ RunTime:0.000783s ]
ERR: 无法加载模块:Upload

[ 2015-10-31T22:02:11+08:00 ] 127.0.0.1 /upload/201506131749484222.png
INFO: [ app_init ] --START--
INFO: Run Behavior\BuildLiteBehavior [ RunTime:0.000036s ]
INFO: [ app_init ] --END-- [ RunTime:0.001047s ]
ERR: 无法加载模块:Upload

[ 2015-10-31T22:02:11+08:00 ] 127.0.0.1 /upload/201506222208577192.jpg
INFO: [ app_init ] --START--
INFO: Run Behavior\BuildLiteBehavior [ RunTime:0.000012s ]
INFO: [ app_init ] --END-- [ RunTime:0.000262s ]
ERR: 无法加载模块:Upload

[ 2015-10-31T22:02:11+08:00 ] 127.0.0.1 /upload/201507020801438701.jpg
INFO: [ app_init ] --START--
INFO: Run Behavior\BuildLiteBehavior [ RunTime:0.000009s ]
INFO: [ app_init ] --END-- [ RunTime:0.000184s ]
ERR: 无法加载模块:Upload

[ 2015-10-31T22:02:11+08:00 ] 127.0.0.1 /upload/201507262102342010.png
INFO: [ app_init ] --START--
INFO: Run Behavior\BuildLiteBehavior [ RunTime:0.000009s ]
INFO: [ app_init ] --END-- [ RunTime:0.000262s ]
ERR: 无法加载模块:Upload

[ 2015-10-31T22:02:11+08:00 ] 127.0.0.1 /upload/201507262126198301.png
INFO: [ app_init ] --START--
INFO: Run Behavior\BuildLiteBehavior [ RunTime:0.000008s ]
INFO: [ app_init ] --END-- [ RunTime:0.000182s ]
ERR: 无法加载模块:Upload

[ 2015-10-31T22:02:11+08:00 ] 127.0.0.1 /upload/20150726213937395.png
INFO: [ app_init ] --START--
INFO: Run Behavior\BuildLiteBehavior [ RunTime:0.000009s ]
INFO: [ app_init ] --END-- [ RunTime:0.000181s ]
ERR: 无法加载模块:Upload

[ 2015-10-31T22:02:11+08:00 ] 127.0.0.1 /upload/201508072156372554.png
INFO: [ app_init ] --START--
INFO: Run Behavior\BuildLiteBehavior [ RunTime:0.000015s ]
INFO: [ app_init ] --END-- [ RunTime:0.000314s ]
ERR: 无法加载模块:Upload

[ 2015-10-31T22:02:11+08:00 ] 127.0.0.1 /upload/201508072235471099.png
INFO: [ app_init ] --START--
INFO: Run Behavior\BuildLiteBehavior [ RunTime:0.000009s ]
INFO: [ app_init ] --END-- [ RunTime:0.000185s ]
ERR: 无法加载模块:Upload

[ 2015-10-31T22:02:11+08:00 ] 127.0.0.1 /upload/201506131712515733.png
INFO: [ app_init ] --START--
INFO: Run Behavior\BuildLiteBehavior [ RunTime:0.000014s ]
INFO: [ app_init ] --END-- [ RunTime:0.000285s ]
ERR: 无法加载模块:Upload

[ 2015-10-31T22:02:11+08:00 ] 127.0.0.1 /upload/201506131749484222.png
INFO: [ app_init ] --START--
INFO: Run Behavior\BuildLiteBehavior [ RunTime:0.000011s ]
INFO: [ app_init ] --END-- [ RunTime:0.000228s ]
ERR: 无法加载模块:Upload

[ 2015-10-31T22:02:11+08:00 ] 127.0.0.1 /upload/201506222208577192.jpg
INFO: [ app_init ] --START--
INFO: Run Behavior\BuildLiteBehavior [ RunTime:0.000015s ]
INFO: [ app_init ] --END-- [ RunTime:0.000321s ]
ERR: 无法加载模块:Upload

[ 2015-10-31T22:02:11+08:00 ] 127.0.0.1 /upload/201507020801438701.jpg
INFO: [ app_init ] --START--
INFO: Run Behavior\BuildLiteBehavior [ RunTime:0.000017s ]
INFO: [ app_init ] --END-- [ RunTime:0.000425s ]
ERR: 无法加载模块:Upload

[ 2015-10-31T22:02:11+08:00 ] 127.0.0.1 /upload/201507262102342010.png
INFO: [ app_init ] --START--
INFO: Run Behavior\BuildLiteBehavior [ RunTime:0.000026s ]
INFO: [ app_init ] --END-- [ RunTime:0.000468s ]
ERR: 无法加载模块:Upload

[ 2015-10-31T22:02:11+08:00 ] 127.0.0.1 /upload/201507262126198301.png
INFO: [ app_init ] --START--
INFO: Run Behavior\BuildLiteBehavior [ RunTime:0.000027s ]
INFO: [ app_init ] --END-- [ RunTime:0.000663s ]
ERR: 无法加载模块:Upload

[ 2015-10-31T22:02:11+08:00 ] 127.0.0.1 /upload/20150726213937395.png
INFO: [ app_init ] --START--
INFO: Run Behavior\BuildLiteBehavior [ RunTime:0.000040s ]
INFO: [ app_init ] --END-- [ RunTime:0.000500s ]
ERR: 无法加载模块:Upload

[ 2015-10-31T22:02:11+08:00 ] 127.0.0.1 /upload/201508072156372554.png
INFO: [ app_init ] --START--
INFO: Run Behavior\BuildLiteBehavior [ RunTime:0.000026s ]
INFO: [ app_init ] --END-- [ RunTime:0.000443s ]
ERR: 无法加载模块:Upload

[ 2015-10-31T22:02:11+08:00 ] 127.0.0.1 /upload/201508072235471099.png
INFO: [ app_init ] --START--
INFO: Run Behavior\BuildLiteBehavior [ RunTime:0.000010s ]
INFO: [ app_init ] --END-- [ RunTime:0.000254s ]
ERR: 无法加载模块:Upload

[ 2015-10-31T22:02:11+08:00 ] 127.0.0.1 /upload/20150807225150181.png
INFO: [ app_init ] --START--
INFO: Run Behavior\BuildLiteBehavior [ RunTime:0.000010s ]
INFO: [ app_init ] --END-- [ RunTime:0.000184s ]
ERR: 无法加载模块:Upload

[ 2015-10-31T22:02:11+08:00 ] 127.0.0.1 /upload/201508072258238999.png
INFO: [ app_init ] --START--
INFO: Run Behavior\BuildLiteBehavior [ RunTime:0.000031s ]
INFO: [ app_init ] --END-- [ RunTime:0.000711s ]
ERR: 无法加载模块:Upload

[ 2015-10-31T22:02:11+08:00 ] 127.0.0.1 /upload/201508072308307350.png
INFO: [ app_init ] --START--
INFO: Run Behavior\BuildLiteBehavior [ RunTime:0.000014s ]
INFO: [ app_init ] --END-- [ RunTime:0.000536s ]
ERR: 无法加载模块:Upload

[ 2015-10-31T22:02:11+08:00 ] 127.0.0.1 /upload/20150808004935684.png
INFO: [ app_init ] --START--
INFO: Run Behavior\BuildLiteBehavior [ RunTime:0.000021s ]
INFO: [ app_init ] --END-- [ RunTime:0.000334s ]
ERR: 无法加载模块:Upload

[ 2015-10-31T22:02:11+08:00 ] 127.0.0.1 /upload/201508080053229734.png
INFO: [ app_init ] --START--
INFO: Run Behavior\BuildLiteBehavior [ RunTime:0.000015s ]
INFO: [ app_init ] --END-- [ RunTime:0.000380s ]
ERR: 无法加载模块:Upload

[ 2015-10-31T22:02:12+08:00 ] 127.0.0.1 /upload/201508080059267703.png
INFO: [ app_init ] --START--
INFO: Run Behavior\BuildLiteBehavior [ RunTime:0.000011s ]
INFO: [ app_init ] --END-- [ RunTime:0.000212s ]
ERR: 无法加载模块:Upload

[ 2015-10-31T22:02:12+08:00 ] 127.0.0.1 /upload/201508100040447035.png
INFO: [ app_init ] --START--
INFO: Run Behavior\BuildLiteBehavior [ RunTime:0.000010s ]
INFO: [ app_init ] --END-- [ RunTime:0.000205s ]
ERR: 无法加载模块:Upload

[ 2015-10-31T22:02:12+08:00 ] 127.0.0.1 /upload/201508100036067534.png
INFO: [ app_init ] --START--
INFO: Run Behavior\BuildLiteBehavior [ RunTime:0.000021s ]
INFO: [ app_init ] --END-- [ RunTime:0.000317s ]
ERR: 无法加载模块:Upload

[ 2015-10-31T22:02:12+08:00 ] 127.0.0.1 /upload/201508101830169221.png
INFO: [ app_init ] --START--
INFO: Run Behavior\BuildLiteBehavior [ RunTime:0.000009s ]
INFO: [ app_init ] --END-- [ RunTime:0.000199s ]
ERR: 无法加载模块:Upload

[ 2015-10-31T22:02:12+08:00 ] 127.0.0.1 /upload/201508132038548715.png
INFO: [ app_init ] --START--
INFO: Run Behavior\BuildLiteBehavior [ RunTime:0.000011s ]
INFO: [ app_init ] --END-- [ RunTime:0.000213s ]
ERR: 无法加载模块:Upload

[ 2015-10-31T22:02:12+08:00 ] 127.0.0.1 /upload/201508140032109392.png
INFO: [ app_init ] --START--
INFO: Run Behavior\BuildLiteBehavior [ RunTime:0.000011s ]
INFO: [ app_init ] --END-- [ RunTime:0.000239s ]
ERR: 无法加载模块:Upload

[ 2015-10-31T22:02:12+08:00 ] 127.0.0.1 /upload/201508161644448753.png
INFO: [ app_init ] --START--
INFO: Run Behavior\BuildLiteBehavior [ RunTime:0.000015s ]
INFO: [ app_init ] --END-- [ RunTime:0.000228s ]
ERR: 无法加载模块:Upload

[ 2015-10-31T22:02:12+08:00 ] 127.0.0.1 /upload/201508161717111879.png
INFO: [ app_init ] --START--
INFO: Run Behavior\BuildLiteBehavior [ RunTime:0.000009s ]
INFO: [ app_init ] --END-- [ RunTime:0.000182s ]
ERR: 无法加载模块:Upload

[ 2015-10-31T22:02:12+08:00 ] 127.0.0.1 /upload/201508161743386452.png
INFO: [ app_init ] --START--
INFO: Run Behavior\BuildLiteBehavior [ RunTime:0.000010s ]
INFO: [ app_init ] --END-- [ RunTime:0.000188s ]
ERR: 无法加载模块:Upload

[ 2015-10-31T22:02:12+08:00 ] 127.0.0.1 /upload/201508161831072015.png
INFO: [ app_init ] --START--
INFO: Run Behavior\BuildLiteBehavior [ RunTime:0.000016s ]
INFO: [ app_init ] --END-- [ RunTime:0.000356s ]
ERR: 无法加载模块:Upload

[ 2015-10-31T22:02:12+08:00 ] 127.0.0.1 /upload/201508171253073703.png
INFO: [ app_init ] --START--
INFO: Run Behavior\BuildLiteBehavior [ RunTime:0.000008s ]
INFO: [ app_init ] --END-- [ RunTime:0.000180s ]
ERR: 无法加载模块:Upload

[ 2015-10-31T22:02:12+08:00 ] 127.0.0.1 /upload/201508171302472817.png
INFO: [ app_init ] --START--
INFO: Run Behavior\BuildLiteBehavior [ RunTime:0.000015s ]
INFO: [ app_init ] --END-- [ RunTime:0.000305s ]
ERR: 无法加载模块:Upload

[ 2015-10-31T22:02:12+08:00 ] 127.0.0.1 /upload/201508220348509895.png
INFO: [ app_init ] --START--
INFO: Run Behavior\BuildLiteBehavior [ RunTime:0.000010s ]
INFO: [ app_init ] --END-- [ RunTime:0.000187s ]
ERR: 无法加载模块:Upload

[ 2015-10-31T22:02:12+08:00 ] 127.0.0.1 /upload/201508220349241806.png
INFO: [ app_init ] --START--
INFO: Run Behavior\BuildLiteBehavior [ RunTime:0.000011s ]
INFO: [ app_init ] --END-- [ RunTime:0.000211s ]
ERR: 无法加载模块:Upload

[ 2015-10-31T22:02:12+08:00 ] 127.0.0.1 /upload/201508100036067534.png
INFO: [ app_init ] --START--
INFO: Run Behavior\BuildLiteBehavior [ RunTime:0.000010s ]
INFO: [ app_init ] --END-- [ RunTime:0.000206s ]
ERR: 无法加载模块:Upload

[ 2015-10-31T22:02:12+08:00 ] 127.0.0.1 /upload/201508101830169221.png
INFO: [ app_init ] --START--
INFO: Run Behavior\BuildLiteBehavior [ RunTime:0.000015s ]
INFO: [ app_init ] --END-- [ RunTime:0.000434s ]
ERR: 无法加载模块:Upload

[ 2015-10-31T22:02:12+08:00 ] 127.0.0.1 /upload/201508132038548715.png
INFO: [ app_init ] --START--
INFO: Run Behavior\BuildLiteBehavior [ RunTime:0.000014s ]
INFO: [ app_init ] --END-- [ RunTime:0.000543s ]
ERR: 无法加载模块:Upload

[ 2015-10-31T22:02:12+08:00 ] 127.0.0.1 /upload/201508140032109392.png
INFO: [ app_init ] --START--
INFO: Run Behavior\BuildLiteBehavior [ RunTime:0.000028s ]
INFO: [ app_init ] --END-- [ RunTime:0.000477s ]
ERR: 无法加载模块:Upload

[ 2015-10-31T22:02:12+08:00 ] 127.0.0.1 /upload/201508161644448753.png
INFO: [ app_init ] --START--
INFO: Run Behavior\BuildLiteBehavior [ RunTime:0.000011s ]
INFO: [ app_init ] --END-- [ RunTime:0.000222s ]
ERR: 无法加载模块:Upload

[ 2015-10-31T22:02:12+08:00 ] 127.0.0.1 /upload/201508161717111879.png
INFO: [ app_init ] --START--
INFO: Run Behavior\BuildLiteBehavior [ RunTime:0.000011s ]
INFO: [ app_init ] --END-- [ RunTime:0.000213s ]
ERR: 无法加载模块:Upload

[ 2015-10-31T22:02:12+08:00 ] 127.0.0.1 /upload/201508161743386452.png
INFO: [ app_init ] --START--
INFO: Run Behavior\BuildLiteBehavior [ RunTime:0.000015s ]
INFO: [ app_init ] --END-- [ RunTime:0.000307s ]
ERR: 无法加载模块:Upload

[ 2015-10-31T22:02:12+08:00 ] 127.0.0.1 /upload/201508161831072015.png
INFO: [ app_init ] --START--
INFO: Run Behavior\BuildLiteBehavior [ RunTime:0.000012s ]
INFO: [ app_init ] --END-- [ RunTime:0.000314s ]
ERR: 无法加载模块:Upload

[ 2015-10-31T22:02:12+08:00 ] 127.0.0.1 /upload/201508171253073703.png
INFO: [ app_init ] --START--
INFO: Run Behavior\BuildLiteBehavior [ RunTime:0.000009s ]
INFO: [ app_init ] --END-- [ RunTime:0.000189s ]
ERR: 无法加载模块:Upload

[ 2015-10-31T22:02:12+08:00 ] 127.0.0.1 /upload/201508220413539750.png
INFO: [ app_init ] --START--
INFO: Run Behavior\BuildLiteBehavior [ RunTime:0.000010s ]
INFO: [ app_init ] --END-- [ RunTime:0.000211s ]
ERR: 无法加载模块:Upload

[ 2015-10-31T22:02:12+08:00 ] 127.0.0.1 /upload/201508232334114337.png
INFO: [ app_init ] --START--
INFO: Run Behavior\BuildLiteBehavior [ RunTime:0.000020s ]
INFO: [ app_init ] --END-- [ RunTime:0.000337s ]
ERR: 无法加载模块:Upload

[ 2015-10-31T22:02:12+08:00 ] 127.0.0.1 /upload/201508240250203230.jpg
INFO: [ app_init ] --START--
INFO: Run Behavior\BuildLiteBehavior [ RunTime:0.000011s ]
INFO: [ app_init ] --END-- [ RunTime:0.000215s ]
ERR: 无法加载模块:Upload

[ 2015-10-31T22:02:12+08:00 ] 127.0.0.1 /upload/201508270011395691.png
INFO: [ app_init ] --START--
INFO: Run Behavior\BuildLiteBehavior [ RunTime:0.000020s ]
INFO: [ app_init ] --END-- [ RunTime:0.000368s ]
ERR: 无法加载模块:Upload

[ 2015-10-31T22:02:12+08:00 ] 127.0.0.1 /upload/201508272315585315.png
INFO: [ app_init ] --START--
INFO: Run Behavior\BuildLiteBehavior [ RunTime:0.000024s ]
INFO: [ app_init ] --END-- [ RunTime:0.000449s ]
ERR: 无法加载模块:Upload

[ 2015-10-31T22:02:12+08:00 ] 127.0.0.1 /upload/201508272311196165.png
INFO: [ app_init ] --START--
INFO: Run Behavior\BuildLiteBehavior [ RunTime:0.000017s ]
INFO: [ app_init ] --END-- [ RunTime:0.000366s ]
ERR: 无法加载模块:Upload

[ 2015-10-31T22:02:12+08:00 ] 127.0.0.1 /upload/20150831013152987.jpg
INFO: [ app_init ] --START--
INFO: Run Behavior\BuildLiteBehavior [ RunTime:0.000018s ]
INFO: [ app_init ] --END-- [ RunTime:0.000470s ]
ERR: 无法加载模块:Upload

[ 2015-10-31T22:02:12+08:00 ] 127.0.0.1 /upload/201509010204318463.png
INFO: [ app_init ] --START--
INFO: Run Behavior\BuildLiteBehavior [ RunTime:0.000009s ]
INFO: [ app_init ] --END-- [ RunTime:0.000188s ]
ERR: 无法加载模块:Upload

[ 2015-10-31T22:02:12+08:00 ] 127.0.0.1 /upload/20150908182701450.png
INFO: [ app_init ] --START--
INFO: Run Behavior\BuildLiteBehavior [ RunTime:0.000010s ]
INFO: [ app_init ] --END-- [ RunTime:0.000208s ]
ERR: 无法加载模块:Upload

[ 2015-10-31T22:02:12+08:00 ] 127.0.0.1 /upload/201509110123108137.jpg
INFO: [ app_init ] --START--
INFO: Run Behavior\BuildLiteBehavior [ RunTime:0.000015s ]
INFO: [ app_init ] --END-- [ RunTime:0.000546s ]
ERR: 无法加载模块:Upload

[ 2015-10-31T22:02:12+08:00 ] 127.0.0.1 /upload/201509110146247893.png
INFO: [ app_init ] --START--
INFO: Run Behavior\BuildLiteBehavior [ RunTime:0.000010s ]
INFO: [ app_init ] --END-- [ RunTime:0.000210s ]
ERR: 无法加载模块:Upload

[ 2015-10-31T22:02:13+08:00 ] 127.0.0.1 /upload/201509110154014592.png
INFO: [ app_init ] --START--
INFO: Run Behavior\BuildLiteBehavior [ RunTime:0.000046s ]
INFO: [ app_init ] --END-- [ RunTime:0.001102s ]
ERR: 无法加载模块:Upload

[ 2015-10-31T22:02:13+08:00 ] 127.0.0.1 /upload/201509110203482257.jpg
INFO: [ app_init ] --START--
INFO: Run Behavior\BuildLiteBehavior [ RunTime:0.000024s ]
INFO: [ app_init ] --END-- [ RunTime:0.000422s ]
ERR: 无法加载模块:Upload

[ 2015-10-31T22:02:13+08:00 ] 127.0.0.1 /upload/201509150217558677.png
INFO: [ app_init ] --START--
INFO: Run Behavior\BuildLiteBehavior [ RunTime:0.000011s ]
INFO: [ app_init ] --END-- [ RunTime:0.000206s ]
ERR: 无法加载模块:Upload

[ 2015-10-31T22:02:13+08:00 ] 127.0.0.1 /upload/201509150249299614.png
INFO: [ app_init ] --START--
INFO: Run Behavior\BuildLiteBehavior [ RunTime:0.000010s ]
INFO: [ app_init ] --END-- [ RunTime:0.000199s ]
ERR: 无法加载模块:Upload

[ 2015-10-31T22:02:13+08:00 ] 127.0.0.1 /upload/201509150306081585.png
INFO: [ app_init ] --START--
INFO: Run Behavior\BuildLiteBehavior [ RunTime:0.000089s ]
INFO: [ app_init ] --END-- [ RunTime:0.000439s ]
ERR: 无法加载模块:Upload

[ 2015-10-31T22:02:13+08:00 ] 127.0.0.1 /upload/201509150306108975.png
INFO: [ app_init ] --START--
INFO: Run Behavior\BuildLiteBehavior [ RunTime:0.000020s ]
INFO: [ app_init ] --END-- [ RunTime:0.000357s ]
ERR: 无法加载模块:Upload

[ 2015-10-31T22:02:13+08:00 ] 127.0.0.1 /upload/201508100040447035.png
INFO: [ app_init ] --START--
INFO: Run Behavior\BuildLiteBehavior [ RunTime:0.000040s ]
INFO: [ app_init ] --END-- [ RunTime:0.000970s ]
ERR: 无法加载模块:Upload

[ 2015-10-31T22:02:13+08:00 ] 127.0.0.1 /upload/201509150357561969.png
INFO: [ app_init ] --START--
INFO: Run Behavior\BuildLiteBehavior [ RunTime:0.000011s ]
INFO: [ app_init ] --END-- [ RunTime:0.000193s ]
ERR: 无法加载模块:Upload

[ 2015-10-31T22:02:13+08:00 ] 127.0.0.1 /upload/201509150413247089.png
INFO: [ app_init ] --START--
INFO: Run Behavior\BuildLiteBehavior [ RunTime:0.000014s ]
INFO: [ app_init ] --END-- [ RunTime:0.000297s ]
ERR: 无法加载模块:Upload

[ 2015-10-31T22:02:13+08:00 ] 127.0.0.1 /upload/20150915152432683.png
INFO: [ app_init ] --START--
INFO: Run Behavior\BuildLiteBehavior [ RunTime:0.000011s ]
INFO: [ app_init ] --END-- [ RunTime:0.000209s ]
ERR: 无法加载模块:Upload

[ 2015-10-31T22:02:13+08:00 ] 127.0.0.1 /upload/201509151542033654.png
INFO: [ app_init ] --START--
INFO: Run Behavior\BuildLiteBehavior [ RunTime:0.000011s ]
INFO: [ app_init ] --END-- [ RunTime:0.000218s ]
ERR: 无法加载模块:Upload

[ 2015-10-31T22:02:13+08:00 ] 127.0.0.1 /upload/20150915160913193.png
INFO: [ app_init ] --START--
INFO: Run Behavior\BuildLiteBehavior [ RunTime:0.000021s ]
INFO: [ app_init ] --END-- [ RunTime:0.000973s ]
ERR: 无法加载模块:Upload

[ 2015-10-31T22:02:13+08:00 ] 127.0.0.1 /upload/201509151628411674.png
INFO: [ app_init ] --START--
INFO: Run Behavior\BuildLiteBehavior [ RunTime:0.000033s ]
INFO: [ app_init ] --END-- [ RunTime:0.000239s ]
ERR: 无法加载模块:Upload

[ 2015-10-31T22:02:13+08:00 ] 127.0.0.1 /upload/201509151648533103.png
INFO: [ app_init ] --START--
INFO: Run Behavior\BuildLiteBehavior [ RunTime:0.000022s ]
INFO: [ app_init ] --END-- [ RunTime:0.000493s ]
ERR: 无法加载模块:Upload

[ 2015-10-31T22:02:13+08:00 ] 127.0.0.1 /upload/201509151657295901.png
INFO: [ app_init ] --START--
INFO: Run Behavior\BuildLiteBehavior [ RunTime:0.000031s ]
INFO: [ app_init ] --END-- [ RunTime:0.000336s ]
ERR: 无法加载模块:Upload

[ 2015-10-31T22:02:13+08:00 ] 127.0.0.1 /upload/201509151708429351.png
INFO: [ app_init ] --START--
INFO: Run Behavior\BuildLiteBehavior [ RunTime:0.000011s ]
INFO: [ app_init ] --END-- [ RunTime:0.000212s ]
ERR: 无法加载模块:Upload

[ 2015-10-31T22:02:13+08:00 ] 127.0.0.1 /upload/201509151720489755.png
INFO: [ app_init ] --START--
INFO: Run Behavior\BuildLiteBehavior [ RunTime:0.000017s ]
INFO: [ app_init ] --END-- [ RunTime:0.000668s ]
ERR: 无法加载模块:Upload

[ 2015-10-31T22:02:13+08:00 ] 127.0.0.1 /upload/20150915173724432.png
INFO: [ app_init ] --START--
INFO: Run Behavior\BuildLiteBehavior [ RunTime:0.000038s ]
INFO: [ app_init ] --END-- [ RunTime:0.000673s ]
ERR: 无法加载模块:Upload

[ 2015-10-31T22:02:13+08:00 ] 127.0.0.1 /upload/201509151927284279.png
INFO: [ app_init ] --START--
INFO: Run Behavior\BuildLiteBehavior [ RunTime:0.000010s ]
INFO: [ app_init ] --END-- [ RunTime:0.000258s ]
ERR: 无法加载模块:Upload

[ 2015-10-31T22:02:13+08:00 ] 127.0.0.1 /upload/201509170048501350.png
INFO: [ app_init ] --START--
INFO: Run Behavior\BuildLiteBehavior [ RunTime:0.000009s ]
INFO: [ app_init ] --END-- [ RunTime:0.000194s ]
ERR: 无法加载模块:Upload

[ 2015-10-31T22:02:13+08:00 ] 127.0.0.1 /upload/201509170102027060.png
INFO: [ app_init ] --START--
INFO: Run Behavior\BuildLiteBehavior [ RunTime:0.000025s ]
INFO: [ app_init ] --END-- [ RunTime:0.000453s ]
ERR: 无法加载模块:Upload

[ 2015-10-31T22:02:13+08:00 ] 127.0.0.1 /upload/201509170109587967.png
INFO: [ app_init ] --START--
INFO: Run Behavior\BuildLiteBehavior [ RunTime:0.000011s ]
INFO: [ app_init ] --END-- [ RunTime:0.000235s ]
ERR: 无法加载模块:Upload

[ 2015-10-31T22:02:13+08:00 ] 127.0.0.1 /upload/20150917011813257.png
INFO: [ app_init ] --START--
INFO: Run Behavior\BuildLiteBehavior [ RunTime:0.000012s ]
INFO: [ app_init ] --END-- [ RunTime:0.000233s ]
ERR: 无法加载模块:Upload

[ 2015-10-31T22:02:13+08:00 ] 127.0.0.1 /upload/201509170204089289.png
INFO: [ app_init ] --START--
INFO: Run Behavior\BuildLiteBehavior [ RunTime:0.000015s ]
INFO: [ app_init ] --END-- [ RunTime:0.000330s ]
ERR: 无法加载模块:Upload

[ 2015-10-31T22:02:13+08:00 ] 127.0.0.1 /upload/201509170206164913.png
INFO: [ app_init ] --START--
INFO: Run Behavior\BuildLiteBehavior [ RunTime:0.000012s ]
INFO: [ app_init ] --END-- [ RunTime:0.000209s ]
ERR: 无法加载模块:Upload

[ 2015-10-31T22:02:13+08:00 ] 127.0.0.1 /upload/201509180332194311.png
INFO: [ app_init ] --START--
INFO: Run Behavior\BuildLiteBehavior [ RunTime:0.000021s ]
INFO: [ app_init ] --END-- [ RunTime:0.000339s ]
ERR: 无法加载模块:Upload

[ 2015-10-31T22:02:13+08:00 ] 127.0.0.1 /upload/201509180346168933.png
INFO: [ app_init ] --START--
INFO: Run Behavior\BuildLiteBehavior [ RunTime:0.000072s ]
INFO: [ app_init ] --END-- [ RunTime:0.001144s ]
ERR: 无法加载模块:Upload

[ 2015-10-31T22:02:13+08:00 ] 127.0.0.1 /upload/201509192343195382.png
INFO: [ app_init ] --START--
INFO: Run Behavior\BuildLiteBehavior [ RunTime:0.000010s ]
INFO: [ app_init ] --END-- [ RunTime:0.000220s ]
ERR: 无法加载模块:Upload

[ 2015-10-31T22:02:13+08:00 ] 127.0.0.1 /upload/201509211903299365.png
INFO: [ app_init ] --START--
INFO: Run Behavior\BuildLiteBehavior [ RunTime:0.000024s ]
INFO: [ app_init ] --END-- [ RunTime:0.000375s ]
ERR: 无法加载模块:Upload

[ 2015-10-31T22:02:13+08:00 ] 127.0.0.1 /upload/201509150320297974.png
INFO: [ app_init ] --START--
INFO: Run Behavior\BuildLiteBehavior [ RunTime:0.000010s ]
INFO: [ app_init ] --END-- [ RunTime:0.000213s ]
ERR: 无法加载模块:Upload

[ 2015-10-31T22:02:13+08:00 ] 127.0.0.1 /upload/201509231552423018.png
INFO: [ app_init ] --START--
INFO: Run Behavior\BuildLiteBehavior [ RunTime:0.000009s ]
INFO: [ app_init ] --END-- [ RunTime:0.000273s ]
ERR: 无法加载模块:Upload

[ 2015-10-31T22:02:13+08:00 ] 127.0.0.1 /upload/201509240215101193.png
INFO: [ app_init ] --START--
INFO: Run Behavior\BuildLiteBehavior [ RunTime:0.000015s ]
INFO: [ app_init ] --END-- [ RunTime:0.000326s ]
ERR: 无法加载模块:Upload

[ 2015-10-31T22:02:13+08:00 ] 127.0.0.1 /upload/20150924023916579.png
INFO: [ app_init ] --START--
INFO: Run Behavior\BuildLiteBehavior [ RunTime:0.000023s ]
INFO: [ app_init ] --END-- [ RunTime:0.000406s ]
ERR: 无法加载模块:Upload

[ 2015-10-31T22:02:13+08:00 ] 127.0.0.1 /upload/201509240248245190.png
INFO: [ app_init ] --START--
INFO: Run Behavior\BuildLiteBehavior [ RunTime:0.000027s ]
INFO: [ app_init ] --END-- [ RunTime:0.000431s ]
ERR: 无法加载模块:Upload

[ 2015-10-31T22:02:13+08:00 ] 127.0.0.1 /upload/201509262119525625.png
INFO: [ app_init ] --START--
INFO: Run Behavior\BuildLiteBehavior [ RunTime:0.000010s ]
INFO: [ app_init ] --END-- [ RunTime:0.000260s ]
ERR: 无法加载模块:Upload

[ 2015-10-31T22:02:13+08:00 ] 127.0.0.1 /upload/201509262126113555.png
INFO: [ app_init ] --START--
INFO: Run Behavior\BuildLiteBehavior [ RunTime:0.000015s ]
INFO: [ app_init ] --END-- [ RunTime:0.000326s ]
ERR: 无法加载模块:Upload

[ 2015-10-31T22:02:13+08:00 ] 127.0.0.1 /upload/201509300006451943.png
INFO: [ app_init ] --START--
INFO: Run Behavior\BuildLiteBehavior [ RunTime:0.000009s ]
INFO: [ app_init ] --END-- [ RunTime:0.000213s ]
ERR: 无法加载模块:Upload

[ 2015-10-31T22:02:13+08:00 ] 127.0.0.1 /upload/201509300029496095.png
INFO: [ app_init ] --START--
INFO: Run Behavior\BuildLiteBehavior [ RunTime:0.000011s ]
INFO: [ app_init ] --END-- [ RunTime:0.000284s ]
ERR: 无法加载模块:Upload

[ 2015-10-31T22:02:13+08:00 ] 127.0.0.1 /upload/201509300136333043.png
INFO: [ app_init ] --START--
INFO: Run Behavior\BuildLiteBehavior [ RunTime:0.000009s ]
INFO: [ app_init ] --END-- [ RunTime:0.000200s ]
ERR: 无法加载模块:Upload

[ 2015-10-31T22:02:13+08:00 ] 127.0.0.1 /upload/201509300209109388.png
INFO: [ app_init ] --START--
INFO: Run Behavior\BuildLiteBehavior [ RunTime:0.000042s ]
INFO: [ app_init ] --END-- [ RunTime:0.000839s ]
ERR: 无法加载模块:Upload

[ 2015-10-31T22:02:13+08:00 ] 127.0.0.1 /upload/201509300225069730.png
INFO: [ app_init ] --START--
INFO: Run Behavior\BuildLiteBehavior [ RunTime:0.000010s ]
INFO: [ app_init ] --END-- [ RunTime:0.000240s ]
ERR: 无法加载模块:Upload

[ 2015-10-31T22:02:13+08:00 ] 127.0.0.1 /upload/201509301445544548.png
INFO: [ app_init ] --START--
INFO: Run Behavior\BuildLiteBehavior [ RunTime:0.000031s ]
INFO: [ app_init ] --END-- [ RunTime:0.000482s ]
ERR: 无法加载模块:Upload

[ 2015-10-31T22:02:13+08:00 ] 127.0.0.1 /upload/201510022207151606.png
INFO: [ app_init ] --START--
INFO: Run Behavior\BuildLiteBehavior [ RunTime:0.000028s ]
INFO: [ app_init ] --END-- [ RunTime:0.000514s ]
ERR: 无法加载模块:Upload

[ 2015-10-31T22:02:13+08:00 ] 127.0.0.1 /upload/201510051756308866.png
INFO: [ app_init ] --START--
INFO: Run Behavior\BuildLiteBehavior [ RunTime:0.000010s ]
INFO: [ app_init ] --END-- [ RunTime:0.000208s ]
ERR: 无法加载模块:Upload

[ 2015-10-31T22:02:13+08:00 ] 127.0.0.1 /upload/201510051758043989.png
INFO: [ app_init ] --START--
INFO: Run Behavior\BuildLiteBehavior [ RunTime:0.000081s ]
INFO: [ app_init ] --END-- [ RunTime:0.001807s ]
ERR: 无法加载模块:Upload

[ 2015-10-31T22:02:13+08:00 ] 127.0.0.1 /upload/201510051758569667.png
INFO: [ app_init ] --START--
INFO: Run Behavior\BuildLiteBehavior [ RunTime:0.000023s ]
INFO: [ app_init ] --END-- [ RunTime:0.000460s ]
ERR: 无法加载模块:Upload

[ 2015-10-31T22:02:13+08:00 ] 127.0.0.1 /upload/20151005180429871.png
INFO: [ app_init ] --START--
INFO: Run Behavior\BuildLiteBehavior [ RunTime:0.000010s ]
INFO: [ app_init ] --END-- [ RunTime:0.000200s ]
ERR: 无法加载模块:Upload

[ 2015-10-31T22:02:13+08:00 ] 127.0.0.1 /upload/201510090051323767.png
INFO: [ app_init ] --START--
INFO: Run Behavior\BuildLiteBehavior [ RunTime:0.000010s ]
INFO: [ app_init ] --END-- [ RunTime:0.000192s ]
ERR: 无法加载模块:Upload

[ 2015-10-31T22:02:13+08:00 ] 127.0.0.1 /upload/201510090103114582.png
INFO: [ app_init ] --START--
INFO: Run Behavior\BuildLiteBehavior [ RunTime:0.000016s ]
INFO: [ app_init ] --END-- [ RunTime:0.000331s ]
ERR: 无法加载模块:Upload

[ 2015-10-31T22:02:13+08:00 ] 127.0.0.1 /upload/201510090110079108.png
INFO: [ app_init ] --START--
INFO: Run Behavior\BuildLiteBehavior [ RunTime:0.000012s ]
INFO: [ app_init ] --END-- [ RunTime:0.000226s ]
ERR: 无法加载模块:Upload

[ 2015-10-31T22:02:13+08:00 ] 127.0.0.1 /upload/201510090114275570.png
INFO: [ app_init ] --START--
INFO: Run Behavior\BuildLiteBehavior [ RunTime:0.000010s ]
INFO: [ app_init ] --END-- [ RunTime:0.000201s ]
ERR: 无法加载模块:Upload

[ 2015-10-31T22:02:13+08:00 ] 127.0.0.1 /upload/201510090126478065.png
INFO: [ app_init ] --START--
INFO: Run Behavior\BuildLiteBehavior [ RunTime:0.000038s ]
INFO: [ app_init ] --END-- [ RunTime:0.000718s ]
ERR: 无法加载模块:Upload

[ 2015-10-31T22:02:13+08:00 ] 127.0.0.1 /upload/201509231532257225.png
INFO: [ app_init ] --START--
INFO: Run Behavior\BuildLiteBehavior [ RunTime:0.000021s ]
INFO: [ app_init ] --END-- [ RunTime:0.000413s ]
ERR: 无法加载模块:Upload

[ 2015-10-31T22:02:13+08:00 ] 127.0.0.1 /images/tg.gif
INFO: [ app_init ] --START--
INFO: Run Behavior\BuildLiteBehavior [ RunTime:0.000011s ]
INFO: [ app_init ] --END-- [ RunTime:0.000214s ]
ERR: 无法加载模块:Images

[ 2015-10-31T22:02:13+08:00 ] 127.0.0.1 /upload/201510150154148039.png
INFO: [ app_init ] --START--
INFO: Run Behavior\BuildLiteBehavior [ RunTime:0.000010s ]
INFO: [ app_init ] --END-- [ RunTime:0.000189s ]
ERR: 无法加载模块:Upload

[ 2015-10-31T22:02:13+08:00 ] 127.0.0.1 /upload/201510150222407825.png
INFO: [ app_init ] --START--
INFO: Run Behavior\BuildLiteBehavior [ RunTime:0.000010s ]
INFO: [ app_init ] --END-- [ RunTime:0.000192s ]
ERR: 无法加载模块:Upload

[ 2015-10-31T22:02:13+08:00 ] 127.0.0.1 /upload/20151015023144490.png
INFO: [ app_init ] --START--
INFO: Run Behavior\BuildLiteBehavior [ RunTime:0.000011s ]
INFO: [ app_init ] --END-- [ RunTime:0.000224s ]
ERR: 无法加载模块:Upload

[ 2015-10-31T22:02:13+08:00 ] 127.0.0.1 /upload/201510150233368141.png
INFO: [ app_init ] --START--
INFO: Run Behavior\BuildLiteBehavior [ RunTime:0.000012s ]
INFO: [ app_init ] --END-- [ RunTime:0.000241s ]
ERR: 无法加载模块:Upload

[ 2015-10-31T22:02:13+08:00 ] 127.0.0.1 /upload/201510150241334360.png
INFO: [ app_init ] --START--
INFO: Run Behavior\BuildLiteBehavior [ RunTime:0.000012s ]
INFO: [ app_init ] --END-- [ RunTime:0.000248s ]
ERR: 无法加载模块:Upload

[ 2015-10-31T22:02:13+08:00 ] 127.0.0.1 /upload/20151015025940403.png
INFO: [ app_init ] --START--
INFO: Run Behavior\BuildLiteBehavior [ RunTime:0.000022s ]
INFO: [ app_init ] --END-- [ RunTime:0.000381s ]
ERR: 无法加载模块:Upload

[ 2015-10-31T22:02:13+08:00 ] 127.0.0.1 /upload/201510182206101125.png
INFO: [ app_init ] --START--
INFO: Run Behavior\BuildLiteBehavior [ RunTime:0.000042s ]
INFO: [ app_init ] --END-- [ RunTime:0.000511s ]
ERR: 无法加载模块:Upload

[ 2015-10-31T22:02:13+08:00 ] 127.0.0.1 /upload/201508132136487754.png
INFO: [ app_init ] --START--
INFO: Run Behavior\BuildLiteBehavior [ RunTime:0.000015s ]
INFO: [ app_init ] --END-- [ RunTime:0.000335s ]
ERR: 无法加载模块:Upload

